09:29:36.202 [main] INFO  com.AbcApplication:593- No active profile set, falling back to default profiles: default
09:29:41.734 [main] WARN  c.n.c.sources.URLConfigurationSource:121- No URLs will be polled as dynamic configuration sources.
09:29:41.734 [main] INFO  c.n.c.sources.URLConfigurationSource:122- To enable URLs as dynamic configuration sources, define System property archaius.configurationSource.additionalUrls or make config.properties available on classpath.
09:29:41.749 [main] WARN  c.n.c.sources.URLConfigurationSource:121- No URLs will be polled as dynamic configuration sources.
09:29:41.749 [main] INFO  c.n.c.sources.URLConfigurationSource:122- To enable URLs as dynamic configuration sources, define System property archaius.configurationSource.additionalUrls or make config.properties available on classpath.
09:29:42.030 [main] INFO  c.netflix.discovery.DiscoveryClient:344- Initializing Eureka in region us-east-1
09:29:42.750 [main] INFO  c.n.d.p.DiscoveryJerseyProvider:70- Using JSON encoding codec LegacyJacksonJson
09:29:42.750 [main] INFO  c.n.d.p.DiscoveryJerseyProvider:71- Using JSON decoding codec LegacyJacksonJson
09:29:42.844 [main] INFO  c.n.d.p.DiscoveryJerseyProvider:80- Using XML encoding codec XStreamXml
09:29:42.844 [main] INFO  c.n.d.p.DiscoveryJerseyProvider:81- Using XML decoding codec XStreamXml
09:29:43.032 [main] INFO  c.n.d.s.r.aws.ConfigClusterResolver:45- Resolving eureka endpoints via configuration
09:29:43.344 [main] INFO  c.netflix.discovery.DiscoveryClient:920- Disable delta property : false
09:29:43.344 [main] INFO  c.netflix.discovery.DiscoveryClient:921- Single vip registry refresh property : null
09:29:43.344 [main] INFO  c.netflix.discovery.DiscoveryClient:922- Force full registry fetch : false
09:29:43.344 [main] INFO  c.netflix.discovery.DiscoveryClient:923- Application is null : false
09:29:43.344 [main] INFO  c.netflix.discovery.DiscoveryClient:924- Registered Applications size is zero : true
09:29:43.344 [main] INFO  c.netflix.discovery.DiscoveryClient:926- Application version is -1: true
09:29:43.344 [main] INFO  c.netflix.discovery.DiscoveryClient:1009- Getting all instance registry info from the eureka server
09:29:43.594 [main] INFO  c.netflix.discovery.DiscoveryClient:1018- The response status is 200
09:29:43.594 [main] INFO  c.netflix.discovery.DiscoveryClient:1244- Starting heartbeat executor: renew interval is: 30
09:29:43.609 [main] INFO  c.n.discovery.InstanceInfoReplicator:59- InstanceInfoReplicator onDemand update allowed rate per min is 4
09:29:43.609 [main] INFO  c.netflix.discovery.DiscoveryClient:425- Discovery Client initialized at timestamp 1553045383609 with initial instances count: 0
09:29:43.641 [main] INFO  c.netflix.discovery.DiscoveryClient:1279- Saw local status change event StatusChangeEvent [timestamp=1553045383641, current=UP, previous=STARTING]
09:29:43.641 [DiscoveryClient-InstanceInfoReplicator-0] INFO  c.netflix.discovery.DiscoveryClient:795- DiscoveryClient_ABC-SERVICES/localhost:abc-services:9403: registering service...
09:29:43.719 [main] INFO  com.AbcApplication:57- Started AbcApplication in 11.819 seconds (JVM running for 12.392)
09:29:43.750 [DiscoveryClient-InstanceInfoReplicator-0] INFO  c.netflix.discovery.DiscoveryClient:804- DiscoveryClient_ABC-SERVICES/localhost:abc-services:9403 - registration status: 204
09:30:13.609 [DiscoveryClient-CacheRefreshExecutor-0] INFO  c.netflix.discovery.DiscoveryClient:920- Disable delta property : false
09:30:13.610 [DiscoveryClient-CacheRefreshExecutor-0] INFO  c.netflix.discovery.DiscoveryClient:921- Single vip registry refresh property : null
09:30:13.610 [DiscoveryClient-CacheRefreshExecutor-0] INFO  c.netflix.discovery.DiscoveryClient:922- Force full registry fetch : false
09:30:13.611 [DiscoveryClient-CacheRefreshExecutor-0] INFO  c.netflix.discovery.DiscoveryClient:923- Application is null : false
09:30:13.611 [DiscoveryClient-CacheRefreshExecutor-0] INFO  c.netflix.discovery.DiscoveryClient:924- Registered Applications size is zero : true
09:30:13.611 [DiscoveryClient-CacheRefreshExecutor-0] INFO  c.netflix.discovery.DiscoveryClient:926- Application version is -1: false
09:30:13.611 [DiscoveryClient-CacheRefreshExecutor-0] INFO  c.netflix.discovery.DiscoveryClient:1009- Getting all instance registry info from the eureka server
09:30:13.670 [DiscoveryClient-CacheRefreshExecutor-0] INFO  c.netflix.discovery.DiscoveryClient:1018- The response status is 200
09:34:43.369 [AsyncResolver-bootstrap-executor-0] INFO  c.n.d.s.r.aws.ConfigClusterResolver:45- Resolving eureka endpoints via configuration
09:39:43.382 [AsyncResolver-bootstrap-executor-0] INFO  c.n.d.s.r.aws.ConfigClusterResolver:45- Resolving eureka endpoints via configuration
09:44:43.390 [AsyncResolver-bootstrap-executor-0] INFO  c.n.d.s.r.aws.ConfigClusterResolver:45- Resolving eureka endpoints via configuration
09:49:43.422 [AsyncResolver-bootstrap-executor-0] INFO  c.n.d.s.r.aws.ConfigClusterResolver:45- Resolving eureka endpoints via configuration
09:54:43.430 [AsyncResolver-bootstrap-executor-0] INFO  c.n.d.s.r.aws.ConfigClusterResolver:45- Resolving eureka endpoints via configuration
11:26:56.727 [main] INFO  com.AbcApplication:593- No active profile set, falling back to default profiles: default
11:27:07.540 [main] WARN  c.n.c.sources.URLConfigurationSource:121- No URLs will be polled as dynamic configuration sources.
11:27:07.542 [main] INFO  c.n.c.sources.URLConfigurationSource:122- To enable URLs as dynamic configuration sources, define System property archaius.configurationSource.additionalUrls or make config.properties available on classpath.
11:27:07.559 [main] WARN  c.n.c.sources.URLConfigurationSource:121- No URLs will be polled as dynamic configuration sources.
11:27:07.561 [main] INFO  c.n.c.sources.URLConfigurationSource:122- To enable URLs as dynamic configuration sources, define System property archaius.configurationSource.additionalUrls or make config.properties available on classpath.
11:27:08.052 [main] INFO  c.netflix.discovery.DiscoveryClient:344- Initializing Eureka in region us-east-1
11:27:09.265 [main] INFO  c.n.d.p.DiscoveryJerseyProvider:70- Using JSON encoding codec LegacyJacksonJson
11:27:09.265 [main] INFO  c.n.d.p.DiscoveryJerseyProvider:71- Using JSON decoding codec LegacyJacksonJson
11:27:09.427 [main] INFO  c.n.d.p.DiscoveryJerseyProvider:80- Using XML encoding codec XStreamXml
11:27:09.427 [main] INFO  c.n.d.p.DiscoveryJerseyProvider:81- Using XML decoding codec XStreamXml
11:27:09.786 [main] INFO  c.n.d.s.r.aws.ConfigClusterResolver:45- Resolving eureka endpoints via configuration
11:27:10.216 [main] INFO  c.netflix.discovery.DiscoveryClient:920- Disable delta property : false
11:27:10.217 [main] INFO  c.netflix.discovery.DiscoveryClient:921- Single vip registry refresh property : null
11:27:10.217 [main] INFO  c.netflix.discovery.DiscoveryClient:922- Force full registry fetch : false
11:27:10.217 [main] INFO  c.netflix.discovery.DiscoveryClient:923- Application is null : false
11:27:10.217 [main] INFO  c.netflix.discovery.DiscoveryClient:924- Registered Applications size is zero : true
11:27:10.218 [main] INFO  c.netflix.discovery.DiscoveryClient:926- Application version is -1: true
11:27:10.218 [main] INFO  c.netflix.discovery.DiscoveryClient:1009- Getting all instance registry info from the eureka server
11:27:10.725 [main] INFO  c.netflix.discovery.DiscoveryClient:1018- The response status is 200
11:27:10.726 [main] INFO  c.netflix.discovery.DiscoveryClient:1244- Starting heartbeat executor: renew interval is: 30
11:27:10.729 [main] INFO  c.n.discovery.InstanceInfoReplicator:59- InstanceInfoReplicator onDemand update allowed rate per min is 4
11:27:10.732 [main] INFO  c.netflix.discovery.DiscoveryClient:425- Discovery Client initialized at timestamp 1553052430732 with initial instances count: 0
11:27:10.768 [main] INFO  c.netflix.discovery.DiscoveryClient:1279- Saw local status change event StatusChangeEvent [timestamp=1553052430767, current=UP, previous=STARTING]
11:27:10.770 [DiscoveryClient-InstanceInfoReplicator-0] INFO  c.netflix.discovery.DiscoveryClient:795- DiscoveryClient_ABC-SERVICES/JustryDeng:abc-services:9403: registering service...
11:27:10.881 [main] INFO  com.AbcApplication:57- Started AbcApplication in 19.343 seconds (JVM running for 20.229)
11:27:10.926 [DiscoveryClient-InstanceInfoReplicator-0] INFO  c.netflix.discovery.DiscoveryClient:804- DiscoveryClient_ABC-SERVICES/JustryDeng:abc-services:9403 - registration status: 204
11:27:40.728 [DiscoveryClient-CacheRefreshExecutor-0] INFO  c.netflix.discovery.DiscoveryClient:920- Disable delta property : false
11:27:40.731 [DiscoveryClient-CacheRefreshExecutor-0] INFO  c.netflix.discovery.DiscoveryClient:921- Single vip registry refresh property : null
11:27:40.734 [DiscoveryClient-CacheRefreshExecutor-0] INFO  c.netflix.discovery.DiscoveryClient:922- Force full registry fetch : false
11:27:40.735 [DiscoveryClient-CacheRefreshExecutor-0] INFO  c.netflix.discovery.DiscoveryClient:923- Application is null : false
11:27:40.735 [DiscoveryClient-CacheRefreshExecutor-0] INFO  c.netflix.discovery.DiscoveryClient:924- Registered Applications size is zero : true
11:27:40.736 [DiscoveryClient-CacheRefreshExecutor-0] INFO  c.netflix.discovery.DiscoveryClient:926- Application version is -1: false
11:27:40.739 [DiscoveryClient-CacheRefreshExecutor-0] INFO  c.netflix.discovery.DiscoveryClient:1009- Getting all instance registry info from the eureka server
11:27:40.782 [DiscoveryClient-CacheRefreshExecutor-0] INFO  c.netflix.discovery.DiscoveryClient:1018- The response status is 200
11:32:10.220 [AsyncResolver-bootstrap-executor-0] INFO  c.n.d.s.r.aws.ConfigClusterResolver:45- Resolving eureka endpoints via configuration
11:37:10.223 [AsyncResolver-bootstrap-executor-0] INFO  c.n.d.s.r.aws.ConfigClusterResolver:45- Resolving eureka endpoints via configuration
11:42:10.224 [AsyncResolver-bootstrap-executor-0] INFO  c.n.d.s.r.aws.ConfigClusterResolver:45- Resolving eureka endpoints via configuration
11:47:10.232 [AsyncResolver-bootstrap-executor-0] INFO  c.n.d.s.r.aws.ConfigClusterResolver:45- Resolving eureka endpoints via configuration
11:52:10.246 [AsyncResolver-bootstrap-executor-0] INFO  c.n.d.s.r.aws.ConfigClusterResolver:45- Resolving eureka endpoints via configuration
11:57:10.247 [AsyncResolver-bootstrap-executor-0] INFO  c.n.d.s.r.aws.ConfigClusterResolver:45- Resolving eureka endpoints via configuration
12:02:10.263 [AsyncResolver-bootstrap-executor-0] INFO  c.n.d.s.r.aws.ConfigClusterResolver:45- Resolving eureka endpoints via configuration
12:07:10.279 [AsyncResolver-bootstrap-executor-0] INFO  c.n.d.s.r.aws.ConfigClusterResolver:45- Resolving eureka endpoints via configuration
12:12:10.279 [AsyncResolver-bootstrap-executor-0] INFO  c.n.d.s.r.aws.ConfigClusterResolver:45- Resolving eureka endpoints via configuration
12:17:10.295 [AsyncResolver-bootstrap-executor-0] INFO  c.n.d.s.r.aws.ConfigClusterResolver:45- Resolving eureka endpoints via configuration
12:22:10.310 [AsyncResolver-bootstrap-executor-0] INFO  c.n.d.s.r.aws.ConfigClusterResolver:45- Resolving eureka endpoints via configuration
12:27:10.312 [AsyncResolver-bootstrap-executor-0] INFO  c.n.d.s.r.aws.ConfigClusterResolver:45- Resolving eureka endpoints via configuration
12:28:10.131 [main] INFO  com.AbcApplication:593- No active profile set, falling back to default profiles: default
12:28:21.470 [main] INFO  com.AbcApplication:593- No active profile set, falling back to default profiles: default
12:28:26.767 [main] WARN  c.n.c.sources.URLConfigurationSource:121- No URLs will be polled as dynamic configuration sources.
12:28:26.767 [main] INFO  c.n.c.sources.URLConfigurationSource:122- To enable URLs as dynamic configuration sources, define System property archaius.configurationSource.additionalUrls or make config.properties available on classpath.
12:28:26.767 [main] WARN  c.n.c.sources.URLConfigurationSource:121- No URLs will be polled as dynamic configuration sources.
12:28:26.767 [main] INFO  c.n.c.sources.URLConfigurationSource:122- To enable URLs as dynamic configuration sources, define System property archaius.configurationSource.additionalUrls or make config.properties available on classpath.
12:28:27.130 [main] INFO  c.netflix.discovery.DiscoveryClient:344- Initializing Eureka in region us-east-1
12:28:27.802 [main] INFO  c.n.d.p.DiscoveryJerseyProvider:70- Using JSON encoding codec LegacyJacksonJson
12:28:27.802 [main] INFO  c.n.d.p.DiscoveryJerseyProvider:71- Using JSON decoding codec LegacyJacksonJson
12:28:27.942 [main] INFO  c.n.d.p.DiscoveryJerseyProvider:80- Using XML encoding codec XStreamXml
12:28:27.942 [main] INFO  c.n.d.p.DiscoveryJerseyProvider:81- Using XML decoding codec XStreamXml
12:28:28.192 [main] INFO  c.n.d.s.r.aws.ConfigClusterResolver:45- Resolving eureka endpoints via configuration
12:28:28.474 [main] INFO  c.netflix.discovery.DiscoveryClient:920- Disable delta property : false
12:28:28.474 [main] INFO  c.netflix.discovery.DiscoveryClient:921- Single vip registry refresh property : null
12:28:28.474 [main] INFO  c.netflix.discovery.DiscoveryClient:922- Force full registry fetch : false
12:28:28.474 [main] INFO  c.netflix.discovery.DiscoveryClient:923- Application is null : false
12:28:28.474 [main] INFO  c.netflix.discovery.DiscoveryClient:924- Registered Applications size is zero : true
12:28:28.474 [main] INFO  c.netflix.discovery.DiscoveryClient:926- Application version is -1: true
12:28:28.474 [main] INFO  c.netflix.discovery.DiscoveryClient:1009- Getting all instance registry info from the eureka server
12:28:28.630 [main] INFO  c.netflix.discovery.DiscoveryClient:1018- The response status is 200
12:28:28.630 [main] INFO  c.netflix.discovery.DiscoveryClient:1244- Starting heartbeat executor: renew interval is: 30
12:28:28.630 [main] INFO  c.n.discovery.InstanceInfoReplicator:59- InstanceInfoReplicator onDemand update allowed rate per min is 4
12:28:28.630 [main] INFO  c.netflix.discovery.DiscoveryClient:425- Discovery Client initialized at timestamp 1553056108630 with initial instances count: 2
12:28:28.661 [main] INFO  c.netflix.discovery.DiscoveryClient:1279- Saw local status change event StatusChangeEvent [timestamp=1553056108661, current=UP, previous=STARTING]
12:28:28.661 [DiscoveryClient-InstanceInfoReplicator-0] INFO  c.netflix.discovery.DiscoveryClient:795- DiscoveryClient_ABC-SERVICES/JustryDeng:abc-services:9403: registering service...
12:28:28.724 [DiscoveryClient-InstanceInfoReplicator-0] INFO  c.netflix.discovery.DiscoveryClient:804- DiscoveryClient_ABC-SERVICES/JustryDeng:abc-services:9403 - registration status: 204
12:28:28.755 [main] INFO  com.AbcApplication:57- Started AbcApplication in 9.661 seconds (JVM running for 10.311)
12:29:17.811 [http-nio-9403-exec-1] INFO  com.controller.TestController:25- TestController -> test -> @RequestBody got -> PersonInfoVO(name=蚂蚁牙黑123453, age=68, gender=男, borthDate=Mon May 12 08:00:00 CST 2008)
12:29:17.812 [http-nio-9403-exec-1] INFO  com.controller.TestController:26- TestController -> test -> @RequestHeader got -> dengshuai
12:32:09.601 [http-nio-9403-exec-4] INFO  com.controller.TestController:25- TestController -> test -> @RequestBody got -> PersonInfoVO(name=蚂蚁牙黑123453, age=68, gender=男, borthDate=Mon May 12 08:00:00 CST 2008)
12:32:09.603 [http-nio-9403-exec-4] INFO  com.controller.TestController:26- TestController -> test -> @RequestHeader got -> dengshuai
12:33:28.483 [AsyncResolver-bootstrap-executor-0] INFO  c.n.d.s.r.aws.ConfigClusterResolver:45- Resolving eureka endpoints via configuration
12:33:55.000 [http-nio-9403-exec-3] INFO  com.controller.TestController:25- TestController -> test -> @RequestBody got -> PersonInfoVO(name=蚂蚁牙黑123453, age=68, gender=男, borthDate=Mon May 12 08:00:00 CST 2008)
12:33:55.002 [http-nio-9403-exec-6] INFO  com.controller.TestController:25- TestController -> test -> @RequestBody got -> PersonInfoVO(name=蚂蚁牙黑123453, age=68, gender=男, borthDate=Mon May 12 08:00:00 CST 2008)
12:33:55.008 [http-nio-9403-exec-3] INFO  com.controller.TestController:26- TestController -> test -> @RequestHeader got -> dengshuai
12:33:55.009 [http-nio-9403-exec-6] INFO  com.controller.TestController:26- TestController -> test -> @RequestHeader got -> dengshuai
12:41:05.458 [AsyncResolver-bootstrap-executor-0] INFO  c.n.d.s.r.aws.ConfigClusterResolver:45- Resolving eureka endpoints via configuration
12:41:18.496 [http-nio-9403-exec-9] INFO  com.controller.TestController:25- TestController -> test -> @RequestBody got -> PersonInfoVO(name=蚂蚁牙黑123453, age=68, gender=男, borthDate=Mon May 12 08:00:00 CST 2008)
12:41:18.496 [http-nio-9403-exec-7] INFO  com.controller.TestController:25- TestController -> test -> @RequestBody got -> PersonInfoVO(name=蚂蚁牙黑123453, age=68, gender=男, borthDate=Mon May 12 08:00:00 CST 2008)
12:41:18.496 [http-nio-9403-exec-8] INFO  com.controller.TestController:25- TestController -> test -> @RequestBody got -> PersonInfoVO(name=蚂蚁牙黑123453, age=68, gender=男, borthDate=Mon May 12 08:00:00 CST 2008)
12:41:18.496 [http-nio-9403-exec-8] INFO  com.controller.TestController:26- TestController -> test -> @RequestHeader got -> dengshuai
12:41:18.496 [http-nio-9403-exec-9] INFO  com.controller.TestController:26- TestController -> test -> @RequestHeader got -> dengshuai
12:41:18.496 [http-nio-9403-exec-7] INFO  com.controller.TestController:26- TestController -> test -> @RequestHeader got -> dengshuai
12:43:04.158 [http-nio-9403-exec-1] INFO  com.controller.TestController:25- TestController -> test -> @RequestBody got -> PersonInfoVO(name=蚂蚁牙黑123453, age=68, gender=男, borthDate=Mon May 12 08:00:00 CST 2008)
12:43:04.158 [http-nio-9403-exec-1] INFO  com.controller.TestController:26- TestController -> test -> @RequestHeader got -> dengshuai
12:45:40.063 [http-nio-9403-exec-4] INFO  com.controller.TestController:25- TestController -> test -> @RequestBody got -> PersonInfoVO(name=蚂蚁牙黑123453, age=68, gender=男, borthDate=Mon May 12 08:00:00 CST 2008)
12:45:40.063 [http-nio-9403-exec-4] INFO  com.controller.TestController:26- TestController -> test -> @RequestHeader got -> dengshuai
12:46:22.105 [AsyncResolver-bootstrap-executor-0] INFO  c.n.d.s.r.aws.ConfigClusterResolver:45- Resolving eureka endpoints via configuration
12:48:05.485 [http-nio-9403-exec-7] INFO  com.controller.TestController:25- TestController -> test -> @RequestBody got -> PersonInfoVO(name=蚂蚁牙黑123453, age=68, gender=男, borthDate=Mon May 12 08:00:00 CST 2008)
12:48:05.485 [http-nio-9403-exec-7] INFO  com.controller.TestController:26- TestController -> test -> @RequestHeader got -> dengshuai
12:48:43.597 [http-nio-9403-exec-9] INFO  com.controller.TestController:25- TestController -> test -> @RequestBody got -> PersonInfoVO(name=蚂蚁牙黑123453, age=68, gender=男, borthDate=Mon May 12 08:00:00 CST 2008)
12:48:43.597 [http-nio-9403-exec-9] INFO  com.controller.TestController:26- TestController -> test -> @RequestHeader got -> dengshuai
12:49:47.314 [http-nio-9403-exec-8] INFO  com.controller.TestController:25- TestController -> test -> @RequestBody got -> PersonInfoVO(name=蚂蚁牙黑123453, age=68, gender=男, borthDate=Mon May 12 08:00:00 CST 2008)
12:49:47.314 [http-nio-9403-exec-8] INFO  com.controller.TestController:26- TestController -> test -> @RequestHeader got -> dengshuai
12:51:22.117 [AsyncResolver-bootstrap-executor-0] INFO  c.n.d.s.r.aws.ConfigClusterResolver:45- Resolving eureka endpoints via configuration
12:55:09.827 [http-nio-9403-exec-10] INFO  com.controller.TestController:25- TestController -> test -> @RequestBody got -> PersonInfoVO(name=蚂蚁牙黑123453, age=68, gender=男, borthDate=Mon May 12 08:00:00 CST 2008)
12:55:09.827 [http-nio-9403-exec-10] INFO  com.controller.TestController:26- TestController -> test -> @RequestHeader got -> dengshuai
12:56:19.422 [main] INFO  com.AbcApplication:593- No active profile set, falling back to default profiles: default
12:56:26.850 [main] WARN  c.n.c.sources.URLConfigurationSource:121- No URLs will be polled as dynamic configuration sources.
12:56:26.850 [main] INFO  c.n.c.sources.URLConfigurationSource:122- To enable URLs as dynamic configuration sources, define System property archaius.configurationSource.additionalUrls or make config.properties available on classpath.
12:56:26.850 [main] WARN  c.n.c.sources.URLConfigurationSource:121- No URLs will be polled as dynamic configuration sources.
12:56:26.850 [main] INFO  c.n.c.sources.URLConfigurationSource:122- To enable URLs as dynamic configuration sources, define System property archaius.configurationSource.additionalUrls or make config.properties available on classpath.
12:56:27.100 [main] INFO  c.netflix.discovery.DiscoveryClient:344- Initializing Eureka in region us-east-1
12:56:27.881 [main] INFO  c.n.d.p.DiscoveryJerseyProvider:70- Using JSON encoding codec LegacyJacksonJson
12:56:27.881 [main] INFO  c.n.d.p.DiscoveryJerseyProvider:71- Using JSON decoding codec LegacyJacksonJson
12:56:28.022 [main] INFO  c.n.d.p.DiscoveryJerseyProvider:80- Using XML encoding codec XStreamXml
12:56:28.037 [main] INFO  c.n.d.p.DiscoveryJerseyProvider:81- Using XML decoding codec XStreamXml
12:56:28.256 [main] INFO  c.n.d.s.r.aws.ConfigClusterResolver:45- Resolving eureka endpoints via configuration
12:56:28.694 [main] INFO  c.netflix.discovery.DiscoveryClient:920- Disable delta property : false
12:56:28.709 [main] INFO  c.netflix.discovery.DiscoveryClient:921- Single vip registry refresh property : null
12:56:28.709 [main] INFO  c.netflix.discovery.DiscoveryClient:922- Force full registry fetch : false
12:56:28.709 [main] INFO  c.netflix.discovery.DiscoveryClient:923- Application is null : false
12:56:28.709 [main] INFO  c.netflix.discovery.DiscoveryClient:924- Registered Applications size is zero : true
12:56:28.709 [main] INFO  c.netflix.discovery.DiscoveryClient:926- Application version is -1: true
12:56:28.709 [main] INFO  c.netflix.discovery.DiscoveryClient:1009- Getting all instance registry info from the eureka server
12:56:28.944 [main] INFO  c.netflix.discovery.DiscoveryClient:1018- The response status is 200
12:56:28.944 [main] INFO  c.netflix.discovery.DiscoveryClient:1244- Starting heartbeat executor: renew interval is: 30
12:56:28.944 [main] INFO  c.n.discovery.InstanceInfoReplicator:59- InstanceInfoReplicator onDemand update allowed rate per min is 4
12:56:28.944 [main] INFO  c.netflix.discovery.DiscoveryClient:425- Discovery Client initialized at timestamp 1553057788944 with initial instances count: 0
12:56:28.975 [main] INFO  c.netflix.discovery.DiscoveryClient:1279- Saw local status change event StatusChangeEvent [timestamp=1553057788975, current=UP, previous=STARTING]
12:56:28.975 [DiscoveryClient-InstanceInfoReplicator-0] INFO  c.netflix.discovery.DiscoveryClient:795- DiscoveryClient_ABC-SERVICES/JustryDeng:abc-services:9403: registering service...
12:56:29.084 [main] INFO  com.AbcApplication:57- Started AbcApplication in 12.417 seconds (JVM running for 13.095)
12:56:29.131 [DiscoveryClient-InstanceInfoReplicator-0] INFO  c.netflix.discovery.DiscoveryClient:804- DiscoveryClient_ABC-SERVICES/JustryDeng:abc-services:9403 - registration status: 204
12:56:58.958 [DiscoveryClient-CacheRefreshExecutor-0] INFO  c.netflix.discovery.DiscoveryClient:920- Disable delta property : false
12:56:58.958 [DiscoveryClient-CacheRefreshExecutor-0] INFO  c.netflix.discovery.DiscoveryClient:921- Single vip registry refresh property : null
12:56:58.958 [DiscoveryClient-CacheRefreshExecutor-0] INFO  c.netflix.discovery.DiscoveryClient:922- Force full registry fetch : false
12:56:58.958 [DiscoveryClient-CacheRefreshExecutor-0] INFO  c.netflix.discovery.DiscoveryClient:923- Application is null : false
12:56:58.958 [DiscoveryClient-CacheRefreshExecutor-0] INFO  c.netflix.discovery.DiscoveryClient:924- Registered Applications size is zero : true
12:56:58.958 [DiscoveryClient-CacheRefreshExecutor-0] INFO  c.netflix.discovery.DiscoveryClient:926- Application version is -1: false
12:56:58.958 [DiscoveryClient-CacheRefreshExecutor-0] INFO  c.netflix.discovery.DiscoveryClient:1009- Getting all instance registry info from the eureka server
12:56:58.973 [DiscoveryClient-CacheRefreshExecutor-0] INFO  c.netflix.discovery.DiscoveryClient:1018- The response status is 200
13:01:28.722 [AsyncResolver-bootstrap-executor-0] INFO  c.n.d.s.r.aws.ConfigClusterResolver:45- Resolving eureka endpoints via configuration
13:06:28.725 [AsyncResolver-bootstrap-executor-0] INFO  c.n.d.s.r.aws.ConfigClusterResolver:45- Resolving eureka endpoints via configuration
13:11:28.730 [AsyncResolver-bootstrap-executor-0] INFO  c.n.d.s.r.aws.ConfigClusterResolver:45- Resolving eureka endpoints via configuration
13:16:28.737 [AsyncResolver-bootstrap-executor-0] INFO  c.n.d.s.r.aws.ConfigClusterResolver:45- Resolving eureka endpoints via configuration
13:21:28.750 [AsyncResolver-bootstrap-executor-0] INFO  c.n.d.s.r.aws.ConfigClusterResolver:45- Resolving eureka endpoints via configuration
13:26:28.753 [AsyncResolver-bootstrap-executor-0] INFO  c.n.d.s.r.aws.ConfigClusterResolver:45- Resolving eureka endpoints via configuration
13:31:28.754 [AsyncResolver-bootstrap-executor-0] INFO  c.n.d.s.r.aws.ConfigClusterResolver:45- Resolving eureka endpoints via configuration
13:36:28.756 [AsyncResolver-bootstrap-executor-0] INFO  c.n.d.s.r.aws.ConfigClusterResolver:45- Resolving eureka endpoints via configuration
13:41:28.765 [AsyncResolver-bootstrap-executor-0] INFO  c.n.d.s.r.aws.ConfigClusterResolver:45- Resolving eureka endpoints via configuration
13:42:35.338 [http-nio-9403-exec-1] INFO  com.controller.TestController:25- TestController -> test -> @RequestBody got -> PersonInfoVO(name=蚂蚁牙黑123453, age=68, gender=男, borthDate=Mon May 12 08:00:00 CST 2008)
13:42:35.340 [http-nio-9403-exec-1] INFO  com.controller.TestController:26- TestController -> test -> @RequestHeader got -> dengshuai
13:42:38.459 [http-nio-9403-exec-3] INFO  com.controller.TestController:25- TestController -> test -> @RequestBody got -> PersonInfoVO(name=蚂蚁牙黑123453, age=68, gender=男, borthDate=Mon May 12 08:00:00 CST 2008)
13:42:38.460 [http-nio-9403-exec-3] INFO  com.controller.TestController:26- TestController -> test -> @RequestHeader got -> dengshuai
13:42:40.013 [http-nio-9403-exec-2] INFO  com.controller.TestController:25- TestController -> test -> @RequestBody got -> PersonInfoVO(name=蚂蚁牙黑123453, age=68, gender=男, borthDate=Mon May 12 08:00:00 CST 2008)
13:42:40.015 [http-nio-9403-exec-2] INFO  com.controller.TestController:26- TestController -> test -> @RequestHeader got -> dengshuai
13:42:41.621 [http-nio-9403-exec-5] INFO  com.controller.TestController:25- TestController -> test -> @RequestBody got -> PersonInfoVO(name=蚂蚁牙黑123453, age=68, gender=男, borthDate=Mon May 12 08:00:00 CST 2008)
13:42:41.621 [http-nio-9403-exec-5] INFO  com.controller.TestController:26- TestController -> test -> @RequestHeader got -> dengshuai
13:42:42.331 [http-nio-9403-exec-4] INFO  com.controller.TestController:25- TestController -> test -> @RequestBody got -> PersonInfoVO(name=蚂蚁牙黑123453, age=68, gender=男, borthDate=Mon May 12 08:00:00 CST 2008)
13:42:42.333 [http-nio-9403-exec-4] INFO  com.controller.TestController:26- TestController -> test -> @RequestHeader got -> dengshuai
13:42:45.321 [http-nio-9403-exec-6] INFO  com.controller.TestController:25- TestController -> test -> @RequestBody got -> PersonInfoVO(name=蚂蚁牙黑123453, age=68, gender=男, borthDate=Mon May 12 08:00:00 CST 2008)
13:42:45.322 [http-nio-9403-exec-6] INFO  com.controller.TestController:26- TestController -> test -> @RequestHeader got -> dengshuai
13:42:45.990 [http-nio-9403-exec-7] INFO  com.controller.TestController:25- TestController -> test -> @RequestBody got -> PersonInfoVO(name=蚂蚁牙黑123453, age=68, gender=男, borthDate=Mon May 12 08:00:00 CST 2008)
13:42:45.991 [http-nio-9403-exec-7] INFO  com.controller.TestController:26- TestController -> test -> @RequestHeader got -> dengshuai
13:43:58.750 [http-nio-9403-exec-10] INFO  com.controller.TestController:25- TestController -> test -> @RequestBody got -> PersonInfoVO(name=蚂蚁牙黑123453, age=68, gender=男, borthDate=Mon May 12 08:00:00 CST 2008)
13:43:58.751 [http-nio-9403-exec-10] INFO  com.controller.TestController:26- TestController -> test -> @RequestHeader got -> dengshuai
13:44:02.960 [http-nio-9403-exec-1] INFO  com.controller.TestController:25- TestController -> test -> @RequestBody got -> PersonInfoVO(name=蚂蚁牙黑123453, age=68, gender=男, borthDate=Mon May 12 08:00:00 CST 2008)
13:44:02.962 [http-nio-9403-exec-1] INFO  com.controller.TestController:26- TestController -> test -> @RequestHeader got -> dengshuai
13:44:03.577 [http-nio-9403-exec-3] INFO  com.controller.TestController:25- TestController -> test -> @RequestBody got -> PersonInfoVO(name=蚂蚁牙黑123453, age=68, gender=男, borthDate=Mon May 12 08:00:00 CST 2008)
13:44:03.578 [http-nio-9403-exec-3] INFO  com.controller.TestController:26- TestController -> test -> @RequestHeader got -> dengshuai
13:44:04.271 [http-nio-9403-exec-2] INFO  com.controller.TestController:25- TestController -> test -> @RequestBody got -> PersonInfoVO(name=蚂蚁牙黑123453, age=68, gender=男, borthDate=Mon May 12 08:00:00 CST 2008)
13:44:04.272 [http-nio-9403-exec-2] INFO  com.controller.TestController:26- TestController -> test -> @RequestHeader got -> dengshuai
13:44:06.503 [http-nio-9403-exec-5] INFO  com.controller.TestController:25- TestController -> test -> @RequestBody got -> PersonInfoVO(name=蚂蚁牙黑123453, age=68, gender=男, borthDate=Mon May 12 08:00:00 CST 2008)
13:44:06.504 [http-nio-9403-exec-5] INFO  com.controller.TestController:26- TestController -> test -> @RequestHeader got -> dengshuai
13:44:08.971 [http-nio-9403-exec-4] INFO  com.controller.TestController:25- TestController -> test -> @RequestBody got -> PersonInfoVO(name=蚂蚁牙黑123453, age=68, gender=男, borthDate=Mon May 12 08:00:00 CST 2008)
13:44:08.972 [http-nio-9403-exec-4] INFO  com.controller.TestController:26- TestController -> test -> @RequestHeader got -> dengshuai
13:45:04.128 [http-nio-9403-exec-7] INFO  com.controller.TestController:25- TestController -> test -> @RequestBody got -> PersonInfoVO(name=蚂蚁牙黑123453, age=68, gender=男, borthDate=Mon May 12 08:00:00 CST 2008)
13:45:04.129 [http-nio-9403-exec-7] INFO  com.controller.TestController:26- TestController -> test -> @RequestHeader got -> dengshuai
13:45:05.538 [http-nio-9403-exec-8] INFO  com.controller.TestController:25- TestController -> test -> @RequestBody got -> PersonInfoVO(name=蚂蚁牙黑123453, age=68, gender=男, borthDate=Mon May 12 08:00:00 CST 2008)
13:45:05.539 [http-nio-9403-exec-8] INFO  com.controller.TestController:26- TestController -> test -> @RequestHeader got -> dengshuai
13:45:06.205 [http-nio-9403-exec-9] INFO  com.controller.TestController:25- TestController -> test -> @RequestBody got -> PersonInfoVO(name=蚂蚁牙黑123453, age=68, gender=男, borthDate=Mon May 12 08:00:00 CST 2008)
13:45:06.207 [http-nio-9403-exec-9] INFO  com.controller.TestController:26- TestController -> test -> @RequestHeader got -> dengshuai
13:45:12.842 [http-nio-9403-exec-10] INFO  com.controller.TestController:25- TestController -> test -> @RequestBody got -> PersonInfoVO(name=蚂蚁牙黑123453, age=68, gender=男, borthDate=Mon May 12 08:00:00 CST 2008)
13:45:12.843 [http-nio-9403-exec-10] INFO  com.controller.TestController:26- TestController -> test -> @RequestHeader got -> dengshuai
13:45:13.570 [http-nio-9403-exec-1] INFO  com.controller.TestController:25- TestController -> test -> @RequestBody got -> PersonInfoVO(name=蚂蚁牙黑123453, age=68, gender=男, borthDate=Mon May 12 08:00:00 CST 2008)
13:45:13.571 [http-nio-9403-exec-1] INFO  com.controller.TestController:26- TestController -> test -> @RequestHeader got -> dengshuai
13:45:13.918 [http-nio-9403-exec-3] INFO  com.controller.TestController:25- TestController -> test -> @RequestBody got -> PersonInfoVO(name=蚂蚁牙黑123453, age=68, gender=男, borthDate=Mon May 12 08:00:00 CST 2008)
13:45:13.919 [http-nio-9403-exec-3] INFO  com.controller.TestController:26- TestController -> test -> @RequestHeader got -> dengshuai
13:46:28.766 [AsyncResolver-bootstrap-executor-0] INFO  c.n.d.s.r.aws.ConfigClusterResolver:45- Resolving eureka endpoints via configuration
13:51:28.769 [AsyncResolver-bootstrap-executor-0] INFO  c.n.d.s.r.aws.ConfigClusterResolver:45- Resolving eureka endpoints via configuration
13:56:28.770 [AsyncResolver-bootstrap-executor-0] INFO  c.n.d.s.r.aws.ConfigClusterResolver:45- Resolving eureka endpoints via configuration
14:01:28.784 [AsyncResolver-bootstrap-executor-0] INFO  c.n.d.s.r.aws.ConfigClusterResolver:45- Resolving eureka endpoints via configuration
14:06:28.787 [AsyncResolver-bootstrap-executor-0] INFO  c.n.d.s.r.aws.ConfigClusterResolver:45- Resolving eureka endpoints via configuration
