16:55:21.986 [main] INFO  com.AbcApplication:593- No active profile set, falling back to default profiles: default
16:55:28.145 [main] WARN  c.n.c.sources.URLConfigurationSource:121- No URLs will be polled as dynamic configuration sources.
16:55:28.147 [main] INFO  c.n.c.sources.URLConfigurationSource:122- To enable URLs as dynamic configuration sources, define System property archaius.configurationSource.additionalUrls or make config.properties available on classpath.
16:55:28.155 [main] WARN  c.n.c.sources.URLConfigurationSource:121- No URLs will be polled as dynamic configuration sources.
16:55:28.156 [main] INFO  c.n.c.sources.URLConfigurationSource:122- To enable URLs as dynamic configuration sources, define System property archaius.configurationSource.additionalUrls or make config.properties available on classpath.
16:55:28.408 [main] INFO  c.netflix.discovery.DiscoveryClient:344- Initializing Eureka in region us-east-1
16:55:29.130 [main] INFO  c.n.d.p.DiscoveryJerseyProvider:70- Using JSON encoding codec LegacyJacksonJson
16:55:29.131 [main] INFO  c.n.d.p.DiscoveryJerseyProvider:71- Using JSON decoding codec LegacyJacksonJson
16:55:29.251 [main] INFO  c.n.d.p.DiscoveryJerseyProvider:80- Using XML encoding codec XStreamXml
16:55:29.251 [main] INFO  c.n.d.p.DiscoveryJerseyProvider:81- Using XML decoding codec XStreamXml
16:55:29.462 [main] INFO  c.n.d.s.r.aws.ConfigClusterResolver:45- Resolving eureka endpoints via configuration
16:55:29.821 [main] INFO  c.netflix.discovery.DiscoveryClient:920- Disable delta property : false
16:55:29.822 [main] INFO  c.netflix.discovery.DiscoveryClient:921- Single vip registry refresh property : null
16:55:29.822 [main] INFO  c.netflix.discovery.DiscoveryClient:922- Force full registry fetch : false
16:55:29.823 [main] INFO  c.netflix.discovery.DiscoveryClient:923- Application is null : false
16:55:29.823 [main] INFO  c.netflix.discovery.DiscoveryClient:924- Registered Applications size is zero : true
16:55:29.823 [main] INFO  c.netflix.discovery.DiscoveryClient:926- Application version is -1: true
16:55:29.823 [main] INFO  c.netflix.discovery.DiscoveryClient:1009- Getting all instance registry info from the eureka server
16:55:29.995 [main] INFO  c.netflix.discovery.DiscoveryClient:1018- The response status is 200
16:55:29.998 [main] INFO  c.netflix.discovery.DiscoveryClient:1244- Starting heartbeat executor: renew interval is: 30
16:55:30.000 [main] INFO  c.n.discovery.InstanceInfoReplicator:59- InstanceInfoReplicator onDemand update allowed rate per min is 4
16:55:30.002 [main] INFO  c.netflix.discovery.DiscoveryClient:425- Discovery Client initialized at timestamp 1552985730001 with initial instances count: 2
16:55:30.027 [main] INFO  c.netflix.discovery.DiscoveryClient:1279- Saw local status change event StatusChangeEvent [timestamp=1552985730027, current=UP, previous=STARTING]
16:55:30.030 [DiscoveryClient-InstanceInfoReplicator-0] INFO  c.netflix.discovery.DiscoveryClient:795- DiscoveryClient_ABC-SERVICES/localhost:abc-services:9403: registering service...
16:55:30.085 [DiscoveryClient-InstanceInfoReplicator-0] INFO  c.netflix.discovery.DiscoveryClient:804- DiscoveryClient_ABC-SERVICES/localhost:abc-services:9403 - registration status: 204
16:55:30.124 [main] INFO  com.AbcApplication:57- Started AbcApplication in 12.623 seconds (JVM running for 13.28)
16:55:55.915 [http-nio-9403-exec-1] INFO  com.controller.TestController:27- TestController -> test -> @RequestBody got -> PersonInfoVO(name=蚂蚁牙黑, age=68, gender=男, borthDate=Mon May 12 08:00:00 CST 2008)
16:55:55.916 [http-nio-9403-exec-1] INFO  com.controller.TestController:28- TestController -> test -> @RequestHeader got -> dengshuai
16:55:57.485 [http-nio-9403-exec-2] INFO  com.controller.TestController:27- TestController -> test -> @RequestBody got -> PersonInfoVO(name=蚂蚁牙黑, age=68, gender=男, borthDate=Mon May 12 08:00:00 CST 2008)
16:55:57.486 [http-nio-9403-exec-2] INFO  com.controller.TestController:28- TestController -> test -> @RequestHeader got -> dengshuai
16:55:58.748 [http-nio-9403-exec-4] INFO  com.controller.TestController:27- TestController -> test -> @RequestBody got -> PersonInfoVO(name=蚂蚁牙黑, age=68, gender=男, borthDate=Mon May 12 08:00:00 CST 2008)
16:55:58.749 [http-nio-9403-exec-4] INFO  com.controller.TestController:28- TestController -> test -> @RequestHeader got -> dengshuai
16:57:31.818 [http-nio-9403-exec-5] INFO  com.controller.TestController:27- TestController -> test -> @RequestBody got -> PersonInfoVO(name=蚂蚁牙黑, age=68, gender=男, borthDate=Mon May 12 08:00:00 CST 2008)
16:57:31.819 [http-nio-9403-exec-5] INFO  com.controller.TestController:28- TestController -> test -> @RequestHeader got -> dengshuai
16:58:10.006 [http-nio-9403-exec-6] INFO  com.controller.TestController:27- TestController -> test -> @RequestBody got -> PersonInfoVO(name=蚂蚁牙黑, age=68, gender=男, borthDate=Mon May 12 08:00:00 CST 2008)
16:58:10.007 [http-nio-9403-exec-6] INFO  com.controller.TestController:28- TestController -> test -> @RequestHeader got -> dengshuai
16:59:06.768 [http-nio-9403-exec-7] INFO  com.controller.TestController:27- TestController -> test -> @RequestBody got -> PersonInfoVO(name=蚂蚁牙黑, age=68, gender=男, borthDate=Mon May 12 08:00:00 CST 2008)
16:59:06.768 [http-nio-9403-exec-7] INFO  com.controller.TestController:28- TestController -> test -> @RequestHeader got -> dengshuai
16:59:10.131 [http-nio-9403-exec-8] INFO  com.controller.TestController:27- TestController -> test -> @RequestBody got -> PersonInfoVO(name=蚂蚁牙黑, age=68, gender=男, borthDate=Mon May 12 08:00:00 CST 2008)
16:59:10.132 [http-nio-9403-exec-8] INFO  com.controller.TestController:28- TestController -> test -> @RequestHeader got -> dengshuai
16:59:13.391 [http-nio-9403-exec-9] INFO  com.controller.TestController:27- TestController -> test -> @RequestBody got -> PersonInfoVO(name=蚂蚁牙黑, age=68, gender=男, borthDate=Mon May 12 08:00:00 CST 2008)
16:59:13.392 [http-nio-9403-exec-9] INFO  com.controller.TestController:28- TestController -> test -> @RequestHeader got -> dengshuai
17:00:29.827 [AsyncResolver-bootstrap-executor-0] INFO  c.n.d.s.r.aws.ConfigClusterResolver:45- Resolving eureka endpoints via configuration
17:04:22.504 [http-nio-9403-exec-1] INFO  com.controller.TestController:27- TestController -> test -> @RequestBody got -> PersonInfoVO(name=蚂蚁牙黑, age=68, gender=男, borthDate=Mon May 12 08:00:00 CST 2008)
17:04:22.506 [http-nio-9403-exec-1] INFO  com.controller.TestController:28- TestController -> test -> @RequestHeader got -> dengshuai
17:04:24.334 [http-nio-9403-exec-2] INFO  com.controller.TestController:27- TestController -> test -> @RequestBody got -> PersonInfoVO(name=蚂蚁牙黑, age=68, gender=男, borthDate=Mon May 12 08:00:00 CST 2008)
17:04:24.335 [http-nio-9403-exec-2] INFO  com.controller.TestController:28- TestController -> test -> @RequestHeader got -> dengshuai
17:04:29.551 [http-nio-9403-exec-4] INFO  com.controller.TestController:27- TestController -> test -> @RequestBody got -> PersonInfoVO(name=蚂蚁牙黑, age=68, gender=男, borthDate=Mon May 12 08:00:00 CST 2008)
17:04:29.552 [http-nio-9403-exec-4] INFO  com.controller.TestController:28- TestController -> test -> @RequestHeader got -> dengshuai
17:04:32.551 [http-nio-9403-exec-3] INFO  com.controller.TestController:27- TestController -> test -> @RequestBody got -> PersonInfoVO(name=蚂蚁牙黑, age=68, gender=男, borthDate=Mon May 12 08:00:00 CST 2008)
17:04:32.552 [http-nio-9403-exec-3] INFO  com.controller.TestController:28- TestController -> test -> @RequestHeader got -> dengshuai
17:04:34.051 [http-nio-9403-exec-5] INFO  com.controller.TestController:27- TestController -> test -> @RequestBody got -> PersonInfoVO(name=蚂蚁牙黑, age=68, gender=男, borthDate=Mon May 12 08:00:00 CST 2008)
17:04:34.052 [http-nio-9403-exec-5] INFO  com.controller.TestController:28- TestController -> test -> @RequestHeader got -> dengshuai
17:04:36.555 [http-nio-9403-exec-6] INFO  com.controller.TestController:27- TestController -> test -> @RequestBody got -> PersonInfoVO(name=蚂蚁牙黑, age=68, gender=男, borthDate=Mon May 12 08:00:00 CST 2008)
17:04:36.556 [http-nio-9403-exec-6] INFO  com.controller.TestController:28- TestController -> test -> @RequestHeader got -> dengshuai
17:04:37.253 [http-nio-9403-exec-7] INFO  com.controller.TestController:27- TestController -> test -> @RequestBody got -> PersonInfoVO(name=蚂蚁牙黑, age=68, gender=男, borthDate=Mon May 12 08:00:00 CST 2008)
17:04:37.254 [http-nio-9403-exec-7] INFO  com.controller.TestController:28- TestController -> test -> @RequestHeader got -> dengshuai
17:04:37.906 [http-nio-9403-exec-8] INFO  com.controller.TestController:27- TestController -> test -> @RequestBody got -> PersonInfoVO(name=蚂蚁牙黑, age=68, gender=男, borthDate=Mon May 12 08:00:00 CST 2008)
17:04:37.907 [http-nio-9403-exec-8] INFO  com.controller.TestController:28- TestController -> test -> @RequestHeader got -> dengshuai
17:05:03.404 [http-nio-9403-exec-9] INFO  com.controller.TestController:27- TestController -> test -> @RequestBody got -> PersonInfoVO(name=蚂蚁牙黑, age=68, gender=男, borthDate=Mon May 12 08:00:00 CST 2008)
17:05:03.405 [http-nio-9403-exec-9] INFO  com.controller.TestController:28- TestController -> test -> @RequestHeader got -> dengshuai
17:05:07.252 [http-nio-9403-exec-10] INFO  com.controller.TestController:27- TestController -> test -> @RequestBody got -> PersonInfoVO(name=蚂蚁牙黑, age=68, gender=男, borthDate=Mon May 12 08:00:00 CST 2008)
17:05:07.253 [http-nio-9403-exec-10] INFO  com.controller.TestController:28- TestController -> test -> @RequestHeader got -> dengshuai
17:05:08.329 [http-nio-9403-exec-1] INFO  com.controller.TestController:27- TestController -> test -> @RequestBody got -> PersonInfoVO(name=蚂蚁牙黑, age=68, gender=男, borthDate=Mon May 12 08:00:00 CST 2008)
17:05:08.330 [http-nio-9403-exec-1] INFO  com.controller.TestController:28- TestController -> test -> @RequestHeader got -> dengshuai
17:05:09.112 [http-nio-9403-exec-2] INFO  com.controller.TestController:27- TestController -> test -> @RequestBody got -> PersonInfoVO(name=蚂蚁牙黑, age=68, gender=男, borthDate=Mon May 12 08:00:00 CST 2008)
17:05:09.113 [http-nio-9403-exec-2] INFO  com.controller.TestController:28- TestController -> test -> @RequestHeader got -> dengshuai
17:05:10.326 [http-nio-9403-exec-4] INFO  com.controller.TestController:27- TestController -> test -> @RequestBody got -> PersonInfoVO(name=蚂蚁牙黑, age=68, gender=男, borthDate=Mon May 12 08:00:00 CST 2008)
17:05:10.327 [http-nio-9403-exec-4] INFO  com.controller.TestController:28- TestController -> test -> @RequestHeader got -> dengshuai
17:05:11.177 [http-nio-9403-exec-3] INFO  com.controller.TestController:27- TestController -> test -> @RequestBody got -> PersonInfoVO(name=蚂蚁牙黑, age=68, gender=男, borthDate=Mon May 12 08:00:00 CST 2008)
17:05:11.178 [http-nio-9403-exec-3] INFO  com.controller.TestController:28- TestController -> test -> @RequestHeader got -> dengshuai
17:05:13.908 [http-nio-9403-exec-5] INFO  com.controller.TestController:27- TestController -> test -> @RequestBody got -> PersonInfoVO(name=蚂蚁牙黑, age=68, gender=男, borthDate=Mon May 12 08:00:00 CST 2008)
17:05:13.909 [http-nio-9403-exec-5] INFO  com.controller.TestController:28- TestController -> test -> @RequestHeader got -> dengshuai
17:05:15.234 [http-nio-9403-exec-6] INFO  com.controller.TestController:27- TestController -> test -> @RequestBody got -> PersonInfoVO(name=蚂蚁牙黑, age=68, gender=男, borthDate=Mon May 12 08:00:00 CST 2008)
17:05:15.236 [http-nio-9403-exec-6] INFO  com.controller.TestController:28- TestController -> test -> @RequestHeader got -> dengshuai
17:05:15.915 [http-nio-9403-exec-7] INFO  com.controller.TestController:27- TestController -> test -> @RequestBody got -> PersonInfoVO(name=蚂蚁牙黑, age=68, gender=男, borthDate=Mon May 12 08:00:00 CST 2008)
17:05:15.916 [http-nio-9403-exec-7] INFO  com.controller.TestController:28- TestController -> test -> @RequestHeader got -> dengshuai
17:05:16.532 [http-nio-9403-exec-8] INFO  com.controller.TestController:27- TestController -> test -> @RequestBody got -> PersonInfoVO(name=蚂蚁牙黑, age=68, gender=男, borthDate=Mon May 12 08:00:00 CST 2008)
17:05:16.533 [http-nio-9403-exec-8] INFO  com.controller.TestController:28- TestController -> test -> @RequestHeader got -> dengshuai
17:05:17.826 [http-nio-9403-exec-9] INFO  com.controller.TestController:27- TestController -> test -> @RequestBody got -> PersonInfoVO(name=蚂蚁牙黑, age=68, gender=男, borthDate=Mon May 12 08:00:00 CST 2008)
17:05:17.827 [http-nio-9403-exec-9] INFO  com.controller.TestController:28- TestController -> test -> @RequestHeader got -> dengshuai
17:05:19.831 [http-nio-9403-exec-10] INFO  com.controller.TestController:27- TestController -> test -> @RequestBody got -> PersonInfoVO(name=蚂蚁牙黑, age=68, gender=男, borthDate=Mon May 12 08:00:00 CST 2008)
17:05:19.833 [http-nio-9403-exec-10] INFO  com.controller.TestController:28- TestController -> test -> @RequestHeader got -> dengshuai
17:05:29.829 [AsyncResolver-bootstrap-executor-0] INFO  c.n.d.s.r.aws.ConfigClusterResolver:45- Resolving eureka endpoints via configuration
17:06:19.390 [http-nio-9403-exec-2] INFO  com.controller.TestController:27- TestController -> test -> @RequestBody got -> PersonInfoVO(name=蚂蚁牙黑, age=68, gender=男, borthDate=Mon May 12 08:00:00 CST 2008)
17:06:19.391 [http-nio-9403-exec-2] INFO  com.controller.TestController:28- TestController -> test -> @RequestHeader got -> dengshuai
17:06:22.130 [http-nio-9403-exec-4] INFO  com.controller.TestController:27- TestController -> test -> @RequestBody got -> PersonInfoVO(name=蚂蚁牙黑, age=68, gender=男, borthDate=Mon May 12 08:00:00 CST 2008)
17:06:22.131 [http-nio-9403-exec-4] INFO  com.controller.TestController:28- TestController -> test -> @RequestHeader got -> dengshuai
17:06:24.187 [http-nio-9403-exec-3] INFO  com.controller.TestController:27- TestController -> test -> @RequestBody got -> PersonInfoVO(name=蚂蚁牙黑, age=68, gender=男, borthDate=Mon May 12 08:00:00 CST 2008)
17:06:24.188 [http-nio-9403-exec-3] INFO  com.controller.TestController:28- TestController -> test -> @RequestHeader got -> dengshuai
17:06:45.719 [http-nio-9403-exec-5] INFO  com.controller.TestController:27- TestController -> test -> @RequestBody got -> PersonInfoVO(name=蚂蚁牙黑, age=68, gender=男, borthDate=Mon May 12 08:00:00 CST 2008)
17:06:45.720 [http-nio-9403-exec-5] INFO  com.controller.TestController:28- TestController -> test -> @RequestHeader got -> dengshuai
17:08:16.387 [http-nio-9403-exec-7] INFO  com.controller.TestController:27- TestController -> test -> @RequestBody got -> PersonInfoVO(name=蚂蚁牙黑, age=68, gender=男, borthDate=Mon May 12 08:00:00 CST 2008)
17:08:16.387 [http-nio-9403-exec-7] INFO  com.controller.TestController:28- TestController -> test -> @RequestHeader got -> dengshuai
17:08:28.459 [http-nio-9403-exec-8] INFO  com.controller.TestController:27- TestController -> test -> @RequestBody got -> PersonInfoVO(name=蚂蚁牙黑, age=68, gender=男, borthDate=Mon May 12 08:00:00 CST 2008)
17:08:28.459 [http-nio-9403-exec-8] INFO  com.controller.TestController:28- TestController -> test -> @RequestHeader got -> dengshuai
17:10:29.830 [AsyncResolver-bootstrap-executor-0] INFO  c.n.d.s.r.aws.ConfigClusterResolver:45- Resolving eureka endpoints via configuration
17:15:29.832 [AsyncResolver-bootstrap-executor-0] INFO  c.n.d.s.r.aws.ConfigClusterResolver:45- Resolving eureka endpoints via configuration
17:19:15.744 [main] INFO  com.AbcApplication:593- No active profile set, falling back to default profiles: default
17:19:24.356 [main] WARN  c.n.c.sources.URLConfigurationSource:121- No URLs will be polled as dynamic configuration sources.
17:19:24.357 [main] INFO  c.n.c.sources.URLConfigurationSource:122- To enable URLs as dynamic configuration sources, define System property archaius.configurationSource.additionalUrls or make config.properties available on classpath.
17:19:24.367 [main] WARN  c.n.c.sources.URLConfigurationSource:121- No URLs will be polled as dynamic configuration sources.
17:19:24.368 [main] INFO  c.n.c.sources.URLConfigurationSource:122- To enable URLs as dynamic configuration sources, define System property archaius.configurationSource.additionalUrls or make config.properties available on classpath.
17:19:24.875 [main] INFO  c.netflix.discovery.DiscoveryClient:344- Initializing Eureka in region us-east-1
17:19:25.552 [main] INFO  c.n.d.p.DiscoveryJerseyProvider:70- Using JSON encoding codec LegacyJacksonJson
17:19:25.553 [main] INFO  c.n.d.p.DiscoveryJerseyProvider:71- Using JSON decoding codec LegacyJacksonJson
17:19:25.680 [main] INFO  c.n.d.p.DiscoveryJerseyProvider:80- Using XML encoding codec XStreamXml
17:19:25.680 [main] INFO  c.n.d.p.DiscoveryJerseyProvider:81- Using XML decoding codec XStreamXml
17:19:25.884 [main] INFO  c.n.d.s.r.aws.ConfigClusterResolver:45- Resolving eureka endpoints via configuration
17:19:26.278 [main] INFO  c.netflix.discovery.DiscoveryClient:920- Disable delta property : false
17:19:26.279 [main] INFO  c.netflix.discovery.DiscoveryClient:921- Single vip registry refresh property : null
17:19:26.280 [main] INFO  c.netflix.discovery.DiscoveryClient:922- Force full registry fetch : false
17:19:26.280 [main] INFO  c.netflix.discovery.DiscoveryClient:923- Application is null : false
17:19:26.280 [main] INFO  c.netflix.discovery.DiscoveryClient:924- Registered Applications size is zero : true
17:19:26.281 [main] INFO  c.netflix.discovery.DiscoveryClient:926- Application version is -1: true
17:19:26.281 [main] INFO  c.netflix.discovery.DiscoveryClient:1009- Getting all instance registry info from the eureka server
17:19:26.476 [main] INFO  c.netflix.discovery.DiscoveryClient:1018- The response status is 200
17:19:26.478 [main] INFO  c.netflix.discovery.DiscoveryClient:1244- Starting heartbeat executor: renew interval is: 30
17:19:26.481 [main] INFO  c.n.discovery.InstanceInfoReplicator:59- InstanceInfoReplicator onDemand update allowed rate per min is 4
17:19:26.483 [main] INFO  c.netflix.discovery.DiscoveryClient:425- Discovery Client initialized at timestamp 1552987166483 with initial instances count: 2
17:19:26.506 [main] INFO  c.netflix.discovery.DiscoveryClient:1279- Saw local status change event StatusChangeEvent [timestamp=1552987166506, current=UP, previous=STARTING]
17:19:26.508 [DiscoveryClient-InstanceInfoReplicator-0] INFO  c.netflix.discovery.DiscoveryClient:795- DiscoveryClient_ABC-SERVICES/localhost:abc-services:9403: registering service...
17:19:26.556 [DiscoveryClient-InstanceInfoReplicator-0] INFO  c.netflix.discovery.DiscoveryClient:804- DiscoveryClient_ABC-SERVICES/localhost:abc-services:9403 - registration status: 204
17:19:26.593 [main] INFO  com.AbcApplication:57- Started AbcApplication in 15.637 seconds (JVM running for 16.24)
17:20:07.944 [http-nio-9403-exec-3] INFO  com.controller.TestController:27- TestController -> test -> @RequestBody got -> PersonInfoVO(name=蚂蚁牙黑, age=68, gender=男, borthDate=Mon May 12 08:00:00 CST 2008)
17:20:07.945 [http-nio-9403-exec-3] INFO  com.controller.TestController:28- TestController -> test -> @RequestHeader got -> dengshuai
17:21:16.833 [http-nio-9403-exec-5] INFO  com.controller.TestController:27- TestController -> test -> @RequestBody got -> PersonInfoVO(name=蚂蚁牙黑, age=68, gender=男, borthDate=Mon May 12 08:00:00 CST 2008)
17:21:16.834 [http-nio-9403-exec-5] INFO  com.controller.TestController:28- TestController -> test -> @RequestHeader got -> dengshuai
17:24:26.286 [AsyncResolver-bootstrap-executor-0] INFO  c.n.d.s.r.aws.ConfigClusterResolver:45- Resolving eureka endpoints via configuration
17:29:26.289 [AsyncResolver-bootstrap-executor-0] INFO  c.n.d.s.r.aws.ConfigClusterResolver:45- Resolving eureka endpoints via configuration
17:34:26.290 [AsyncResolver-bootstrap-executor-0] INFO  c.n.d.s.r.aws.ConfigClusterResolver:45- Resolving eureka endpoints via configuration
17:39:26.292 [AsyncResolver-bootstrap-executor-0] INFO  c.n.d.s.r.aws.ConfigClusterResolver:45- Resolving eureka endpoints via configuration
17:44:26.295 [AsyncResolver-bootstrap-executor-0] INFO  c.n.d.s.r.aws.ConfigClusterResolver:45- Resolving eureka endpoints via configuration
17:44:36.313 [http-nio-9403-exec-6] INFO  com.controller.TestController:27- TestController -> test -> @RequestBody got -> PersonInfoVO(name=蚂蚁牙黑, age=68, gender=男, borthDate=Mon May 12 08:00:00 CST 2008)
17:44:36.315 [http-nio-9403-exec-6] INFO  com.controller.TestController:28- TestController -> test -> @RequestHeader got -> dengshuai
17:44:38.557 [http-nio-9403-exec-7] INFO  com.controller.TestController:27- TestController -> test -> @RequestBody got -> PersonInfoVO(name=蚂蚁牙黑, age=68, gender=男, borthDate=Mon May 12 08:00:00 CST 2008)
17:44:38.557 [http-nio-9403-exec-7] INFO  com.controller.TestController:28- TestController -> test -> @RequestHeader got -> dengshuai
17:44:40.252 [http-nio-9403-exec-8] INFO  com.controller.TestController:27- TestController -> test -> @RequestBody got -> PersonInfoVO(name=蚂蚁牙黑, age=68, gender=男, borthDate=Mon May 12 08:00:00 CST 2008)
17:44:40.253 [http-nio-9403-exec-8] INFO  com.controller.TestController:28- TestController -> test -> @RequestHeader got -> dengshuai
17:44:45.245 [http-nio-9403-exec-9] INFO  com.controller.TestController:27- TestController -> test -> @RequestBody got -> PersonInfoVO(name=蚂蚁牙黑, age=68, gender=男, borthDate=Mon May 12 08:00:00 CST 2008)
17:44:45.246 [http-nio-9403-exec-9] INFO  com.controller.TestController:28- TestController -> test -> @RequestHeader got -> dengshuai
17:44:46.506 [http-nio-9403-exec-10] INFO  com.controller.TestController:27- TestController -> test -> @RequestBody got -> PersonInfoVO(name=蚂蚁牙黑, age=68, gender=男, borthDate=Mon May 12 08:00:00 CST 2008)
17:44:46.506 [http-nio-9403-exec-10] INFO  com.controller.TestController:28- TestController -> test -> @RequestHeader got -> dengshuai
17:44:49.682 [http-nio-9403-exec-1] INFO  com.controller.TestController:27- TestController -> test -> @RequestBody got -> PersonInfoVO(name=蚂蚁牙黑, age=68, gender=男, borthDate=Mon May 12 08:00:00 CST 2008)
17:44:49.683 [http-nio-9403-exec-1] INFO  com.controller.TestController:28- TestController -> test -> @RequestHeader got -> dengshuai
17:45:29.670 [http-nio-9403-exec-3] INFO  com.controller.TestController:27- TestController -> test -> @RequestBody got -> PersonInfoVO(name=蚂蚁牙黑, age=68, gender=男, borthDate=Mon May 12 08:00:00 CST 2008)
17:45:29.670 [http-nio-9403-exec-3] INFO  com.controller.TestController:28- TestController -> test -> @RequestHeader got -> dengshuai
17:46:53.631 [http-nio-9403-exec-4] INFO  com.controller.TestController:27- TestController -> test -> @RequestBody got -> PersonInfoVO(name=蚂蚁牙黑, age=68, gender=男, borthDate=Mon May 12 08:00:00 CST 2008)
17:46:53.633 [http-nio-9403-exec-4] INFO  com.controller.TestController:28- TestController -> test -> @RequestHeader got -> dengshuai
17:49:26.297 [AsyncResolver-bootstrap-executor-0] INFO  c.n.d.s.r.aws.ConfigClusterResolver:45- Resolving eureka endpoints via configuration
17:54:26.300 [AsyncResolver-bootstrap-executor-0] INFO  c.n.d.s.r.aws.ConfigClusterResolver:45- Resolving eureka endpoints via configuration
17:54:46.715 [http-nio-9403-exec-6] INFO  com.controller.TestController:27- TestController -> test -> @RequestBody got -> PersonInfoVO(name=蚂蚁牙黑, age=68, gender=男, borthDate=Mon May 12 08:00:00 CST 2008)
17:54:46.715 [http-nio-9403-exec-6] INFO  com.controller.TestController:28- TestController -> test -> @RequestHeader got -> dengshuai
17:54:55.079 [http-nio-9403-exec-7] INFO  com.controller.TestController:27- TestController -> test -> @RequestBody got -> PersonInfoVO(name=蚂蚁牙黑, age=68, gender=男, borthDate=Mon May 12 08:00:00 CST 2008)
17:54:55.080 [http-nio-9403-exec-7] INFO  com.controller.TestController:28- TestController -> test -> @RequestHeader got -> dengshuai
17:54:56.877 [http-nio-9403-exec-8] INFO  com.controller.TestController:27- TestController -> test -> @RequestBody got -> PersonInfoVO(name=蚂蚁牙黑, age=68, gender=男, borthDate=Mon May 12 08:00:00 CST 2008)
17:54:56.878 [http-nio-9403-exec-8] INFO  com.controller.TestController:28- TestController -> test -> @RequestHeader got -> dengshuai
17:55:00.096 [http-nio-9403-exec-9] INFO  com.controller.TestController:27- TestController -> test -> @RequestBody got -> PersonInfoVO(name=蚂蚁牙黑, age=68, gender=男, borthDate=Mon May 12 08:00:00 CST 2008)
17:55:00.097 [http-nio-9403-exec-9] INFO  com.controller.TestController:28- TestController -> test -> @RequestHeader got -> dengshuai
17:55:38.895 [http-nio-9403-exec-10] INFO  com.controller.TestController:27- TestController -> test -> @RequestBody got -> PersonInfoVO(name=蚂蚁牙黑, age=68, gender=男, borthDate=Mon May 12 08:00:00 CST 2008)
17:55:38.896 [http-nio-9403-exec-10] INFO  com.controller.TestController:28- TestController -> test -> @RequestHeader got -> dengshuai
17:57:41.239 [http-nio-9403-exec-2] INFO  com.controller.TestController:27- TestController -> test -> @RequestBody got -> PersonInfoVO(name=蚂蚁牙黑, age=68, gender=男, borthDate=Mon May 12 08:00:00 CST 2008)
17:57:41.240 [http-nio-9403-exec-2] INFO  com.controller.TestController:28- TestController -> test -> @RequestHeader got -> dengshuai
17:57:52.534 [http-nio-9403-exec-3] INFO  com.controller.TestController:27- TestController -> test -> @RequestBody got -> PersonInfoVO(name=蚂蚁牙黑, age=68, gender=男, borthDate=Mon May 12 08:00:00 CST 2008)
17:57:52.534 [http-nio-9403-exec-3] INFO  com.controller.TestController:28- TestController -> test -> @RequestHeader got -> dengshuai
17:58:48.035 [http-nio-9403-exec-4] INFO  com.controller.TestController:27- TestController -> test -> @RequestBody got -> PersonInfoVO(name=蚂蚁牙黑, age=68, gender=男, borthDate=Mon May 12 08:00:00 CST 2008)
17:58:48.036 [http-nio-9403-exec-4] INFO  com.controller.TestController:28- TestController -> test -> @RequestHeader got -> dengshuai
17:58:49.155 [http-nio-9403-exec-5] INFO  com.controller.TestController:27- TestController -> test -> @RequestBody got -> PersonInfoVO(name=蚂蚁牙黑, age=68, gender=男, borthDate=Mon May 12 08:00:00 CST 2008)
17:58:49.156 [http-nio-9403-exec-5] INFO  com.controller.TestController:28- TestController -> test -> @RequestHeader got -> dengshuai
17:58:50.221 [http-nio-9403-exec-6] INFO  com.controller.TestController:27- TestController -> test -> @RequestBody got -> PersonInfoVO(name=蚂蚁牙黑, age=68, gender=男, borthDate=Mon May 12 08:00:00 CST 2008)
17:58:50.222 [http-nio-9403-exec-6] INFO  com.controller.TestController:28- TestController -> test -> @RequestHeader got -> dengshuai
17:58:51.976 [http-nio-9403-exec-7] INFO  com.controller.TestController:27- TestController -> test -> @RequestBody got -> PersonInfoVO(name=蚂蚁牙黑, age=68, gender=男, borthDate=Mon May 12 08:00:00 CST 2008)
17:58:51.977 [http-nio-9403-exec-7] INFO  com.controller.TestController:28- TestController -> test -> @RequestHeader got -> dengshuai
17:58:52.831 [http-nio-9403-exec-8] INFO  com.controller.TestController:27- TestController -> test -> @RequestBody got -> PersonInfoVO(name=蚂蚁牙黑, age=68, gender=男, borthDate=Mon May 12 08:00:00 CST 2008)
17:58:52.832 [http-nio-9403-exec-8] INFO  com.controller.TestController:28- TestController -> test -> @RequestHeader got -> dengshuai
17:59:20.516 [http-nio-9403-exec-9] INFO  com.controller.TestController:27- TestController -> test -> @RequestBody got -> PersonInfoVO(name=蚂蚁牙黑, age=68, gender=男, borthDate=Mon May 12 08:00:00 CST 2008)
17:59:20.517 [http-nio-9403-exec-9] INFO  com.controller.TestController:28- TestController -> test -> @RequestHeader got -> dengshuai
17:59:26.305 [AsyncResolver-bootstrap-executor-0] INFO  c.n.d.s.r.aws.ConfigClusterResolver:45- Resolving eureka endpoints via configuration
17:59:34.141 [http-nio-9403-exec-10] INFO  com.controller.TestController:27- TestController -> test -> @RequestBody got -> PersonInfoVO(name=蚂蚁牙黑, age=68, gender=男, borthDate=Mon May 12 08:00:00 CST 2008)
17:59:34.143 [http-nio-9403-exec-10] INFO  com.controller.TestController:28- TestController -> test -> @RequestHeader got -> dengshuai
17:59:35.006 [http-nio-9403-exec-1] INFO  com.controller.TestController:27- TestController -> test -> @RequestBody got -> PersonInfoVO(name=蚂蚁牙黑, age=68, gender=男, borthDate=Mon May 12 08:00:00 CST 2008)
17:59:35.006 [http-nio-9403-exec-1] INFO  com.controller.TestController:28- TestController -> test -> @RequestHeader got -> dengshuai
17:59:54.783 [http-nio-9403-exec-2] INFO  com.controller.TestController:27- TestController -> test -> @RequestBody got -> PersonInfoVO(name=蚂蚁牙黑, age=68, gender=男, borthDate=Mon May 12 08:00:00 CST 2008)
17:59:54.784 [http-nio-9403-exec-2] INFO  com.controller.TestController:28- TestController -> test -> @RequestHeader got -> dengshuai
18:00:10.217 [http-nio-9403-exec-3] INFO  com.controller.TestController:27- TestController -> test -> @RequestBody got -> PersonInfoVO(name=蚂蚁牙黑, age=68, gender=男, borthDate=Mon May 12 08:00:00 CST 2008)
18:00:10.218 [http-nio-9403-exec-3] INFO  com.controller.TestController:28- TestController -> test -> @RequestHeader got -> dengshuai
18:00:11.668 [http-nio-9403-exec-4] INFO  com.controller.TestController:27- TestController -> test -> @RequestBody got -> PersonInfoVO(name=蚂蚁牙黑, age=68, gender=男, borthDate=Mon May 12 08:00:00 CST 2008)
18:00:11.669 [http-nio-9403-exec-4] INFO  com.controller.TestController:28- TestController -> test -> @RequestHeader got -> dengshuai
18:00:12.809 [http-nio-9403-exec-5] INFO  com.controller.TestController:27- TestController -> test -> @RequestBody got -> PersonInfoVO(name=蚂蚁牙黑, age=68, gender=男, borthDate=Mon May 12 08:00:00 CST 2008)
18:00:12.810 [http-nio-9403-exec-5] INFO  com.controller.TestController:28- TestController -> test -> @RequestHeader got -> dengshuai
18:00:28.836 [http-nio-9403-exec-6] INFO  com.controller.TestController:27- TestController -> test -> @RequestBody got -> PersonInfoVO(name=蚂蚁牙黑, age=68, gender=男, borthDate=Mon May 12 08:00:00 CST 2008)
18:00:28.837 [http-nio-9403-exec-6] INFO  com.controller.TestController:28- TestController -> test -> @RequestHeader got -> dengshuai
18:01:15.726 [http-nio-9403-exec-7] INFO  com.controller.TestController:27- TestController -> test -> @RequestBody got -> PersonInfoVO(name=蚂蚁牙黑, age=68, gender=男, borthDate=Mon May 12 08:00:00 CST 2008)
18:01:15.727 [http-nio-9403-exec-7] INFO  com.controller.TestController:28- TestController -> test -> @RequestHeader got -> dengshuai
18:01:17.461 [http-nio-9403-exec-8] INFO  com.controller.TestController:27- TestController -> test -> @RequestBody got -> PersonInfoVO(name=蚂蚁牙黑, age=68, gender=男, borthDate=Mon May 12 08:00:00 CST 2008)
18:01:17.462 [http-nio-9403-exec-8] INFO  com.controller.TestController:28- TestController -> test -> @RequestHeader got -> dengshuai
18:01:19.204 [http-nio-9403-exec-9] INFO  com.controller.TestController:27- TestController -> test -> @RequestBody got -> PersonInfoVO(name=蚂蚁牙黑, age=68, gender=男, borthDate=Mon May 12 08:00:00 CST 2008)
18:01:19.205 [http-nio-9403-exec-9] INFO  com.controller.TestController:28- TestController -> test -> @RequestHeader got -> dengshuai
18:01:19.880 [http-nio-9403-exec-10] INFO  com.controller.TestController:27- TestController -> test -> @RequestBody got -> PersonInfoVO(name=蚂蚁牙黑, age=68, gender=男, borthDate=Mon May 12 08:00:00 CST 2008)
18:01:19.880 [http-nio-9403-exec-10] INFO  com.controller.TestController:28- TestController -> test -> @RequestHeader got -> dengshuai
18:01:21.864 [http-nio-9403-exec-1] INFO  com.controller.TestController:27- TestController -> test -> @RequestBody got -> PersonInfoVO(name=蚂蚁牙黑, age=68, gender=男, borthDate=Mon May 12 08:00:00 CST 2008)
18:01:21.865 [http-nio-9403-exec-1] INFO  com.controller.TestController:28- TestController -> test -> @RequestHeader got -> dengshuai
18:01:24.624 [http-nio-9403-exec-2] INFO  com.controller.TestController:27- TestController -> test -> @RequestBody got -> PersonInfoVO(name=蚂蚁牙黑, age=68, gender=男, borthDate=Mon May 12 08:00:00 CST 2008)
18:01:24.624 [http-nio-9403-exec-2] INFO  com.controller.TestController:28- TestController -> test -> @RequestHeader got -> dengshuai
18:01:27.061 [http-nio-9403-exec-3] INFO  com.controller.TestController:27- TestController -> test -> @RequestBody got -> PersonInfoVO(name=蚂蚁牙黑, age=68, gender=男, borthDate=Mon May 12 08:00:00 CST 2008)
18:01:27.062 [http-nio-9403-exec-3] INFO  com.controller.TestController:28- TestController -> test -> @RequestHeader got -> dengshuai
18:01:28.293 [http-nio-9403-exec-4] INFO  com.controller.TestController:27- TestController -> test -> @RequestBody got -> PersonInfoVO(name=蚂蚁牙黑, age=68, gender=男, borthDate=Mon May 12 08:00:00 CST 2008)
18:01:28.293 [http-nio-9403-exec-4] INFO  com.controller.TestController:28- TestController -> test -> @RequestHeader got -> dengshuai
18:01:30.651 [http-nio-9403-exec-5] INFO  com.controller.TestController:27- TestController -> test -> @RequestBody got -> PersonInfoVO(name=蚂蚁牙黑, age=68, gender=男, borthDate=Mon May 12 08:00:00 CST 2008)
18:01:30.652 [http-nio-9403-exec-5] INFO  com.controller.TestController:28- TestController -> test -> @RequestHeader got -> dengshuai
18:01:31.807 [http-nio-9403-exec-6] INFO  com.controller.TestController:27- TestController -> test -> @RequestBody got -> PersonInfoVO(name=蚂蚁牙黑, age=68, gender=男, borthDate=Mon May 12 08:00:00 CST 2008)
18:01:31.808 [http-nio-9403-exec-6] INFO  com.controller.TestController:28- TestController -> test -> @RequestHeader got -> dengshuai
18:01:32.401 [http-nio-9403-exec-7] INFO  com.controller.TestController:27- TestController -> test -> @RequestBody got -> PersonInfoVO(name=蚂蚁牙黑, age=68, gender=男, borthDate=Mon May 12 08:00:00 CST 2008)
18:01:32.401 [http-nio-9403-exec-7] INFO  com.controller.TestController:28- TestController -> test -> @RequestHeader got -> dengshuai
18:01:32.853 [http-nio-9403-exec-8] INFO  com.controller.TestController:27- TestController -> test -> @RequestBody got -> PersonInfoVO(name=蚂蚁牙黑, age=68, gender=男, borthDate=Mon May 12 08:00:00 CST 2008)
18:01:32.853 [http-nio-9403-exec-8] INFO  com.controller.TestController:28- TestController -> test -> @RequestHeader got -> dengshuai
18:01:33.856 [http-nio-9403-exec-9] INFO  com.controller.TestController:27- TestController -> test -> @RequestBody got -> PersonInfoVO(name=蚂蚁牙黑, age=68, gender=男, borthDate=Mon May 12 08:00:00 CST 2008)
18:01:33.856 [http-nio-9403-exec-9] INFO  com.controller.TestController:28- TestController -> test -> @RequestHeader got -> dengshuai
18:01:34.343 [http-nio-9403-exec-10] INFO  com.controller.TestController:27- TestController -> test -> @RequestBody got -> PersonInfoVO(name=蚂蚁牙黑, age=68, gender=男, borthDate=Mon May 12 08:00:00 CST 2008)
18:01:34.343 [http-nio-9403-exec-10] INFO  com.controller.TestController:28- TestController -> test -> @RequestHeader got -> dengshuai
18:01:36.395 [http-nio-9403-exec-1] INFO  com.controller.TestController:27- TestController -> test -> @RequestBody got -> PersonInfoVO(name=蚂蚁牙黑, age=68, gender=男, borthDate=Mon May 12 08:00:00 CST 2008)
18:01:36.396 [http-nio-9403-exec-1] INFO  com.controller.TestController:28- TestController -> test -> @RequestHeader got -> dengshuai
18:01:40.723 [http-nio-9403-exec-2] INFO  com.controller.TestController:27- TestController -> test -> @RequestBody got -> PersonInfoVO(name=蚂蚁牙黑, age=68, gender=男, borthDate=Mon May 12 08:00:00 CST 2008)
18:01:40.724 [http-nio-9403-exec-2] INFO  com.controller.TestController:28- TestController -> test -> @RequestHeader got -> dengshuai
18:01:42.297 [http-nio-9403-exec-3] INFO  com.controller.TestController:27- TestController -> test -> @RequestBody got -> PersonInfoVO(name=蚂蚁牙黑, age=68, gender=男, borthDate=Mon May 12 08:00:00 CST 2008)
18:01:42.298 [http-nio-9403-exec-3] INFO  com.controller.TestController:28- TestController -> test -> @RequestHeader got -> dengshuai
18:02:14.190 [http-nio-9403-exec-4] INFO  com.controller.TestController:27- TestController -> test -> @RequestBody got -> PersonInfoVO(name=蚂蚁牙黑, age=68, gender=男, borthDate=Mon May 12 08:00:00 CST 2008)
18:02:14.190 [http-nio-9403-exec-4] INFO  com.controller.TestController:28- TestController -> test -> @RequestHeader got -> dengshuai
18:02:16.086 [http-nio-9403-exec-5] INFO  com.controller.TestController:27- TestController -> test -> @RequestBody got -> PersonInfoVO(name=蚂蚁牙黑, age=68, gender=男, borthDate=Mon May 12 08:00:00 CST 2008)
18:02:16.087 [http-nio-9403-exec-5] INFO  com.controller.TestController:28- TestController -> test -> @RequestHeader got -> dengshuai
18:02:16.762 [http-nio-9403-exec-6] INFO  com.controller.TestController:27- TestController -> test -> @RequestBody got -> PersonInfoVO(name=蚂蚁牙黑, age=68, gender=男, borthDate=Mon May 12 08:00:00 CST 2008)
18:02:16.762 [http-nio-9403-exec-6] INFO  com.controller.TestController:28- TestController -> test -> @RequestHeader got -> dengshuai
18:02:17.368 [http-nio-9403-exec-7] INFO  com.controller.TestController:27- TestController -> test -> @RequestBody got -> PersonInfoVO(name=蚂蚁牙黑, age=68, gender=男, borthDate=Mon May 12 08:00:00 CST 2008)
18:02:17.368 [http-nio-9403-exec-7] INFO  com.controller.TestController:28- TestController -> test -> @RequestHeader got -> dengshuai
18:04:07.572 [http-nio-9403-exec-8] INFO  com.controller.TestController:27- TestController -> test -> @RequestBody got -> PersonInfoVO(name=蚂蚁牙黑, age=68, gender=男, borthDate=Mon May 12 08:00:00 CST 2008)
18:04:07.572 [http-nio-9403-exec-8] INFO  com.controller.TestController:28- TestController -> test -> @RequestHeader got -> dengshuai
18:04:09.437 [http-nio-9403-exec-9] INFO  com.controller.TestController:27- TestController -> test -> @RequestBody got -> PersonInfoVO(name=蚂蚁牙黑, age=68, gender=男, borthDate=Mon May 12 08:00:00 CST 2008)
18:04:09.438 [http-nio-9403-exec-9] INFO  com.controller.TestController:28- TestController -> test -> @RequestHeader got -> dengshuai
18:04:26.306 [AsyncResolver-bootstrap-executor-0] INFO  c.n.d.s.r.aws.ConfigClusterResolver:45- Resolving eureka endpoints via configuration
18:06:16.539 [http-nio-9403-exec-10] INFO  com.controller.TestController:27- TestController -> test -> @RequestBody got -> PersonInfoVO(name=蚂蚁牙黑, age=68, gender=男, borthDate=Mon May 12 08:00:00 CST 2008)
18:06:16.540 [http-nio-9403-exec-10] INFO  com.controller.TestController:28- TestController -> test -> @RequestHeader got -> dengshuai
18:09:26.307 [AsyncResolver-bootstrap-executor-0] INFO  c.n.d.s.r.aws.ConfigClusterResolver:45- Resolving eureka endpoints via configuration
18:14:26.310 [AsyncResolver-bootstrap-executor-0] INFO  c.n.d.s.r.aws.ConfigClusterResolver:45- Resolving eureka endpoints via configuration
18:19:26.312 [AsyncResolver-bootstrap-executor-0] INFO  c.n.d.s.r.aws.ConfigClusterResolver:45- Resolving eureka endpoints via configuration
18:24:26.314 [AsyncResolver-bootstrap-executor-0] INFO  c.n.d.s.r.aws.ConfigClusterResolver:45- Resolving eureka endpoints via configuration
18:25:55.884 [http-nio-9403-exec-2] INFO  com.controller.TestController:27- TestController -> test -> @RequestBody got -> PersonInfoVO(name=蚂蚁牙黑, age=68, gender=男, borthDate=Mon May 12 08:00:00 CST 2008)
18:25:55.884 [http-nio-9403-exec-2] INFO  com.controller.TestController:28- TestController -> test -> @RequestHeader got -> dengshuai
18:25:57.706 [http-nio-9403-exec-3] INFO  com.controller.TestController:27- TestController -> test -> @RequestBody got -> PersonInfoVO(name=蚂蚁牙黑, age=68, gender=男, borthDate=Mon May 12 08:00:00 CST 2008)
18:25:57.707 [http-nio-9403-exec-3] INFO  com.controller.TestController:28- TestController -> test -> @RequestHeader got -> dengshuai
18:25:58.849 [http-nio-9403-exec-4] INFO  com.controller.TestController:27- TestController -> test -> @RequestBody got -> PersonInfoVO(name=蚂蚁牙黑, age=68, gender=男, borthDate=Mon May 12 08:00:00 CST 2008)
18:25:58.850 [http-nio-9403-exec-4] INFO  com.controller.TestController:28- TestController -> test -> @RequestHeader got -> dengshuai
18:25:59.828 [http-nio-9403-exec-5] INFO  com.controller.TestController:27- TestController -> test -> @RequestBody got -> PersonInfoVO(name=蚂蚁牙黑, age=68, gender=男, borthDate=Mon May 12 08:00:00 CST 2008)
18:25:59.829 [http-nio-9403-exec-5] INFO  com.controller.TestController:28- TestController -> test -> @RequestHeader got -> dengshuai
18:26:00.768 [http-nio-9403-exec-6] INFO  com.controller.TestController:27- TestController -> test -> @RequestBody got -> PersonInfoVO(name=蚂蚁牙黑, age=68, gender=男, borthDate=Mon May 12 08:00:00 CST 2008)
18:26:00.769 [http-nio-9403-exec-6] INFO  com.controller.TestController:28- TestController -> test -> @RequestHeader got -> dengshuai
18:26:02.245 [http-nio-9403-exec-7] INFO  com.controller.TestController:27- TestController -> test -> @RequestBody got -> PersonInfoVO(name=蚂蚁牙黑, age=68, gender=男, borthDate=Mon May 12 08:00:00 CST 2008)
18:26:02.246 [http-nio-9403-exec-7] INFO  com.controller.TestController:28- TestController -> test -> @RequestHeader got -> dengshuai
18:26:03.635 [http-nio-9403-exec-8] INFO  com.controller.TestController:27- TestController -> test -> @RequestBody got -> PersonInfoVO(name=蚂蚁牙黑, age=68, gender=男, borthDate=Mon May 12 08:00:00 CST 2008)
18:26:03.636 [http-nio-9403-exec-8] INFO  com.controller.TestController:28- TestController -> test -> @RequestHeader got -> dengshuai
18:26:04.618 [http-nio-9403-exec-9] INFO  com.controller.TestController:27- TestController -> test -> @RequestBody got -> PersonInfoVO(name=蚂蚁牙黑, age=68, gender=男, borthDate=Mon May 12 08:00:00 CST 2008)
18:26:04.619 [http-nio-9403-exec-9] INFO  com.controller.TestController:28- TestController -> test -> @RequestHeader got -> dengshuai
18:26:05.435 [http-nio-9403-exec-10] INFO  com.controller.TestController:27- TestController -> test -> @RequestBody got -> PersonInfoVO(name=蚂蚁牙黑, age=68, gender=男, borthDate=Mon May 12 08:00:00 CST 2008)
18:26:05.436 [http-nio-9403-exec-10] INFO  com.controller.TestController:28- TestController -> test -> @RequestHeader got -> dengshuai
18:26:07.036 [http-nio-9403-exec-1] INFO  com.controller.TestController:27- TestController -> test -> @RequestBody got -> PersonInfoVO(name=蚂蚁牙黑, age=68, gender=男, borthDate=Mon May 12 08:00:00 CST 2008)
18:26:07.036 [http-nio-9403-exec-1] INFO  com.controller.TestController:28- TestController -> test -> @RequestHeader got -> dengshuai
18:26:07.680 [http-nio-9403-exec-2] INFO  com.controller.TestController:27- TestController -> test -> @RequestBody got -> PersonInfoVO(name=蚂蚁牙黑, age=68, gender=男, borthDate=Mon May 12 08:00:00 CST 2008)
18:26:07.680 [http-nio-9403-exec-2] INFO  com.controller.TestController:28- TestController -> test -> @RequestHeader got -> dengshuai
18:26:08.336 [http-nio-9403-exec-3] INFO  com.controller.TestController:27- TestController -> test -> @RequestBody got -> PersonInfoVO(name=蚂蚁牙黑, age=68, gender=男, borthDate=Mon May 12 08:00:00 CST 2008)
18:26:08.337 [http-nio-9403-exec-3] INFO  com.controller.TestController:28- TestController -> test -> @RequestHeader got -> dengshuai
18:26:08.861 [http-nio-9403-exec-4] INFO  com.controller.TestController:27- TestController -> test -> @RequestBody got -> PersonInfoVO(name=蚂蚁牙黑, age=68, gender=男, borthDate=Mon May 12 08:00:00 CST 2008)
18:26:08.862 [http-nio-9403-exec-4] INFO  com.controller.TestController:28- TestController -> test -> @RequestHeader got -> dengshuai
18:26:09.387 [http-nio-9403-exec-5] INFO  com.controller.TestController:27- TestController -> test -> @RequestBody got -> PersonInfoVO(name=蚂蚁牙黑, age=68, gender=男, borthDate=Mon May 12 08:00:00 CST 2008)
18:26:09.389 [http-nio-9403-exec-5] INFO  com.controller.TestController:28- TestController -> test -> @RequestHeader got -> dengshuai
18:26:09.812 [http-nio-9403-exec-6] INFO  com.controller.TestController:27- TestController -> test -> @RequestBody got -> PersonInfoVO(name=蚂蚁牙黑, age=68, gender=男, borthDate=Mon May 12 08:00:00 CST 2008)
18:26:09.813 [http-nio-9403-exec-6] INFO  com.controller.TestController:28- TestController -> test -> @RequestHeader got -> dengshuai
18:26:10.456 [http-nio-9403-exec-7] INFO  com.controller.TestController:27- TestController -> test -> @RequestBody got -> PersonInfoVO(name=蚂蚁牙黑, age=68, gender=男, borthDate=Mon May 12 08:00:00 CST 2008)
18:26:10.458 [http-nio-9403-exec-7] INFO  com.controller.TestController:28- TestController -> test -> @RequestHeader got -> dengshuai
18:26:10.997 [http-nio-9403-exec-8] INFO  com.controller.TestController:27- TestController -> test -> @RequestBody got -> PersonInfoVO(name=蚂蚁牙黑, age=68, gender=男, borthDate=Mon May 12 08:00:00 CST 2008)
18:26:10.998 [http-nio-9403-exec-8] INFO  com.controller.TestController:28- TestController -> test -> @RequestHeader got -> dengshuai
18:26:11.587 [http-nio-9403-exec-9] INFO  com.controller.TestController:27- TestController -> test -> @RequestBody got -> PersonInfoVO(name=蚂蚁牙黑, age=68, gender=男, borthDate=Mon May 12 08:00:00 CST 2008)
18:26:11.588 [http-nio-9403-exec-9] INFO  com.controller.TestController:28- TestController -> test -> @RequestHeader got -> dengshuai
18:26:12.077 [http-nio-9403-exec-10] INFO  com.controller.TestController:27- TestController -> test -> @RequestBody got -> PersonInfoVO(name=蚂蚁牙黑, age=68, gender=男, borthDate=Mon May 12 08:00:00 CST 2008)
18:26:12.078 [http-nio-9403-exec-10] INFO  com.controller.TestController:28- TestController -> test -> @RequestHeader got -> dengshuai
18:26:12.715 [http-nio-9403-exec-1] INFO  com.controller.TestController:27- TestController -> test -> @RequestBody got -> PersonInfoVO(name=蚂蚁牙黑, age=68, gender=男, borthDate=Mon May 12 08:00:00 CST 2008)
18:26:12.716 [http-nio-9403-exec-1] INFO  com.controller.TestController:28- TestController -> test -> @RequestHeader got -> dengshuai
18:26:13.264 [http-nio-9403-exec-2] INFO  com.controller.TestController:27- TestController -> test -> @RequestBody got -> PersonInfoVO(name=蚂蚁牙黑, age=68, gender=男, borthDate=Mon May 12 08:00:00 CST 2008)
18:26:13.265 [http-nio-9403-exec-2] INFO  com.controller.TestController:28- TestController -> test -> @RequestHeader got -> dengshuai
18:26:13.897 [http-nio-9403-exec-3] INFO  com.controller.TestController:27- TestController -> test -> @RequestBody got -> PersonInfoVO(name=蚂蚁牙黑, age=68, gender=男, borthDate=Mon May 12 08:00:00 CST 2008)
18:26:13.898 [http-nio-9403-exec-3] INFO  com.controller.TestController:28- TestController -> test -> @RequestHeader got -> dengshuai
18:26:14.452 [http-nio-9403-exec-4] INFO  com.controller.TestController:27- TestController -> test -> @RequestBody got -> PersonInfoVO(name=蚂蚁牙黑, age=68, gender=男, borthDate=Mon May 12 08:00:00 CST 2008)
18:26:14.453 [http-nio-9403-exec-4] INFO  com.controller.TestController:28- TestController -> test -> @RequestHeader got -> dengshuai
18:26:16.679 [http-nio-9403-exec-5] INFO  com.controller.TestController:27- TestController -> test -> @RequestBody got -> PersonInfoVO(name=蚂蚁牙黑, age=68, gender=男, borthDate=Mon May 12 08:00:00 CST 2008)
18:26:16.680 [http-nio-9403-exec-5] INFO  com.controller.TestController:28- TestController -> test -> @RequestHeader got -> dengshuai
18:26:36.038 [http-nio-9403-exec-6] INFO  com.controller.TestController:27- TestController -> test -> @RequestBody got -> PersonInfoVO(name=蚂蚁牙黑, age=68, gender=男, borthDate=Mon May 12 08:00:00 CST 2008)
18:26:36.039 [http-nio-9403-exec-6] INFO  com.controller.TestController:28- TestController -> test -> @RequestHeader got -> dengshuai
18:27:18.930 [http-nio-9403-exec-7] INFO  com.controller.TestController:27- TestController -> test -> @RequestBody got -> PersonInfoVO(name=蚂蚁牙黑, age=68, gender=男, borthDate=Mon May 12 08:00:00 CST 2008)
18:27:18.931 [http-nio-9403-exec-7] INFO  com.controller.TestController:28- TestController -> test -> @RequestHeader got -> dengshuai
18:27:27.546 [http-nio-9403-exec-8] INFO  com.controller.TestController:27- TestController -> test -> @RequestBody got -> PersonInfoVO(name=蚂蚁牙黑, age=68, gender=男, borthDate=Mon May 12 08:00:00 CST 2008)
18:27:27.547 [http-nio-9403-exec-8] INFO  com.controller.TestController:28- TestController -> test -> @RequestHeader got -> dengshuai
18:27:37.172 [http-nio-9403-exec-9] INFO  com.controller.TestController:27- TestController -> test -> @RequestBody got -> PersonInfoVO(name=蚂蚁牙黑, age=68, gender=男, borthDate=Mon May 12 08:00:00 CST 2008)
18:27:37.173 [http-nio-9403-exec-9] INFO  com.controller.TestController:28- TestController -> test -> @RequestHeader got -> dengshuai
18:29:26.316 [AsyncResolver-bootstrap-executor-0] INFO  c.n.d.s.r.aws.ConfigClusterResolver:45- Resolving eureka endpoints via configuration
18:34:26.317 [AsyncResolver-bootstrap-executor-0] INFO  c.n.d.s.r.aws.ConfigClusterResolver:45- Resolving eureka endpoints via configuration
18:39:26.319 [AsyncResolver-bootstrap-executor-0] INFO  c.n.d.s.r.aws.ConfigClusterResolver:45- Resolving eureka endpoints via configuration
18:44:26.321 [AsyncResolver-bootstrap-executor-0] INFO  c.n.d.s.r.aws.ConfigClusterResolver:45- Resolving eureka endpoints via configuration
18:49:26.323 [AsyncResolver-bootstrap-executor-0] INFO  c.n.d.s.r.aws.ConfigClusterResolver:45- Resolving eureka endpoints via configuration
18:54:26.324 [AsyncResolver-bootstrap-executor-0] INFO  c.n.d.s.r.aws.ConfigClusterResolver:45- Resolving eureka endpoints via configuration
18:59:26.325 [AsyncResolver-bootstrap-executor-0] INFO  c.n.d.s.r.aws.ConfigClusterResolver:45- Resolving eureka endpoints via configuration
19:04:26.327 [AsyncResolver-bootstrap-executor-0] INFO  c.n.d.s.r.aws.ConfigClusterResolver:45- Resolving eureka endpoints via configuration
19:09:26.331 [AsyncResolver-bootstrap-executor-0] INFO  c.n.d.s.r.aws.ConfigClusterResolver:45- Resolving eureka endpoints via configuration
19:14:26.335 [AsyncResolver-bootstrap-executor-0] INFO  c.n.d.s.r.aws.ConfigClusterResolver:45- Resolving eureka endpoints via configuration
19:19:26.336 [AsyncResolver-bootstrap-executor-0] INFO  c.n.d.s.r.aws.ConfigClusterResolver:45- Resolving eureka endpoints via configuration
19:24:26.339 [AsyncResolver-bootstrap-executor-0] INFO  c.n.d.s.r.aws.ConfigClusterResolver:45- Resolving eureka endpoints via configuration
19:29:26.342 [AsyncResolver-bootstrap-executor-0] INFO  c.n.d.s.r.aws.ConfigClusterResolver:45- Resolving eureka endpoints via configuration
19:34:26.346 [AsyncResolver-bootstrap-executor-0] INFO  c.n.d.s.r.aws.ConfigClusterResolver:45- Resolving eureka endpoints via configuration
19:39:26.349 [AsyncResolver-bootstrap-executor-0] INFO  c.n.d.s.r.aws.ConfigClusterResolver:45- Resolving eureka endpoints via configuration
19:44:26.352 [AsyncResolver-bootstrap-executor-0] INFO  c.n.d.s.r.aws.ConfigClusterResolver:45- Resolving eureka endpoints via configuration
19:48:03.635 [http-nio-9403-exec-10] INFO  com.controller.TestController:27- TestController -> test -> @RequestBody got -> PersonInfoVO(name=蚂蚁牙黑, age=68, gender=男, borthDate=Mon May 12 08:00:00 CST 2008)
19:48:03.637 [http-nio-9403-exec-10] INFO  com.controller.TestController:28- TestController -> test -> @RequestHeader got -> dengshuai
19:49:26.355 [AsyncResolver-bootstrap-executor-0] INFO  c.n.d.s.r.aws.ConfigClusterResolver:45- Resolving eureka endpoints via configuration
19:49:59.334 [http-nio-9403-exec-2] INFO  com.controller.TestController:27- TestController -> test -> @RequestBody got -> PersonInfoVO(name=蚂蚁牙黑, age=68, gender=男, borthDate=Mon May 12 08:00:00 CST 2008)
19:50:22.347 [main] INFO  com.AbcApplication:593- No active profile set, falling back to default profiles: default
19:50:28.786 [main] WARN  c.n.c.sources.URLConfigurationSource:121- No URLs will be polled as dynamic configuration sources.
19:50:28.787 [main] INFO  c.n.c.sources.URLConfigurationSource:122- To enable URLs as dynamic configuration sources, define System property archaius.configurationSource.additionalUrls or make config.properties available on classpath.
19:50:28.807 [main] WARN  c.n.c.sources.URLConfigurationSource:121- No URLs will be polled as dynamic configuration sources.
19:50:28.808 [main] INFO  c.n.c.sources.URLConfigurationSource:122- To enable URLs as dynamic configuration sources, define System property archaius.configurationSource.additionalUrls or make config.properties available on classpath.
19:50:29.205 [main] INFO  c.netflix.discovery.DiscoveryClient:344- Initializing Eureka in region us-east-1
19:50:29.953 [main] INFO  c.n.d.p.DiscoveryJerseyProvider:70- Using JSON encoding codec LegacyJacksonJson
19:50:29.954 [main] INFO  c.n.d.p.DiscoveryJerseyProvider:71- Using JSON decoding codec LegacyJacksonJson
19:50:30.073 [main] INFO  c.n.d.p.DiscoveryJerseyProvider:80- Using XML encoding codec XStreamXml
19:50:30.073 [main] INFO  c.n.d.p.DiscoveryJerseyProvider:81- Using XML decoding codec XStreamXml
19:50:30.330 [main] INFO  c.n.d.s.r.aws.ConfigClusterResolver:45- Resolving eureka endpoints via configuration
19:50:30.636 [main] INFO  c.netflix.discovery.DiscoveryClient:920- Disable delta property : false
19:50:30.637 [main] INFO  c.netflix.discovery.DiscoveryClient:921- Single vip registry refresh property : null
19:50:30.637 [main] INFO  c.netflix.discovery.DiscoveryClient:922- Force full registry fetch : false
19:50:30.637 [main] INFO  c.netflix.discovery.DiscoveryClient:923- Application is null : false
19:50:30.637 [main] INFO  c.netflix.discovery.DiscoveryClient:924- Registered Applications size is zero : true
19:50:30.638 [main] INFO  c.netflix.discovery.DiscoveryClient:926- Application version is -1: true
19:50:30.638 [main] INFO  c.netflix.discovery.DiscoveryClient:1009- Getting all instance registry info from the eureka server
19:50:30.793 [main] INFO  c.netflix.discovery.DiscoveryClient:1018- The response status is 200
19:50:30.795 [main] INFO  c.netflix.discovery.DiscoveryClient:1244- Starting heartbeat executor: renew interval is: 30
19:50:30.797 [main] INFO  c.n.discovery.InstanceInfoReplicator:59- InstanceInfoReplicator onDemand update allowed rate per min is 4
19:50:30.799 [main] INFO  c.netflix.discovery.DiscoveryClient:425- Discovery Client initialized at timestamp 1552996230799 with initial instances count: 1
19:50:30.833 [main] INFO  c.netflix.discovery.DiscoveryClient:1279- Saw local status change event StatusChangeEvent [timestamp=1552996230833, current=UP, previous=STARTING]
19:50:30.835 [DiscoveryClient-InstanceInfoReplicator-0] INFO  c.netflix.discovery.DiscoveryClient:795- DiscoveryClient_ABC-SERVICES/localhost:abc-services:9403: registering service...
19:50:30.975 [DiscoveryClient-InstanceInfoReplicator-0] INFO  c.netflix.discovery.DiscoveryClient:804- DiscoveryClient_ABC-SERVICES/localhost:abc-services:9403 - registration status: 204
19:50:30.999 [main] INFO  com.AbcApplication:57- Started AbcApplication in 13.235 seconds (JVM running for 13.896)
19:55:30.641 [AsyncResolver-bootstrap-executor-0] INFO  c.n.d.s.r.aws.ConfigClusterResolver:45- Resolving eureka endpoints via configuration
19:57:26.542 [http-nio-9403-exec-1] INFO  com.controller.TestController:27- TestController -> test -> @RequestBody got -> PersonInfoVO(name=蚂蚁牙黑, age=68, gender=男, borthDate=Mon May 12 08:00:00 CST 2008)
19:57:26.543 [http-nio-9403-exec-1] INFO  com.controller.TestController:28- TestController -> test -> @RequestHeader got -> dengshuai
19:57:56.262 [http-nio-9403-exec-2] INFO  com.controller.TestController:27- TestController -> test -> @RequestBody got -> PersonInfoVO(name=蚂蚁牙黑, age=68, gender=男, borthDate=Mon May 12 08:00:00 CST 2008)
19:57:56.263 [http-nio-9403-exec-2] INFO  com.controller.TestController:28- TestController -> test -> @RequestHeader got -> dengshuai
19:58:08.384 [http-nio-9403-exec-6] INFO  com.controller.TestController:27- TestController -> test -> @RequestBody got -> PersonInfoVO(name=蚂蚁牙黑, age=68, gender=男, borthDate=Mon May 12 08:00:00 CST 2008)
19:58:08.385 [http-nio-9403-exec-6] INFO  com.controller.TestController:28- TestController -> test -> @RequestHeader got -> dengshuai
19:58:35.176 [http-nio-9403-exec-4] INFO  com.controller.TestController:27- TestController -> test -> @RequestBody got -> PersonInfoVO(name=蚂蚁牙黑, age=68, gender=男, borthDate=Mon May 12 08:00:00 CST 2008)
19:58:35.177 [http-nio-9403-exec-4] INFO  com.controller.TestController:28- TestController -> test -> @RequestHeader got -> dengshuai
19:58:59.502 [http-nio-9403-exec-8] INFO  com.controller.TestController:27- TestController -> test -> @RequestBody got -> PersonInfoVO(name=蚂蚁牙黑, age=68, gender=男, borthDate=Mon May 12 08:00:00 CST 2008)
19:58:59.504 [http-nio-9403-exec-8] INFO  com.controller.TestController:28- TestController -> test -> @RequestHeader got -> dengshuai
20:00:30.644 [AsyncResolver-bootstrap-executor-0] INFO  c.n.d.s.r.aws.ConfigClusterResolver:45- Resolving eureka endpoints via configuration
20:05:30.646 [AsyncResolver-bootstrap-executor-0] INFO  c.n.d.s.r.aws.ConfigClusterResolver:45- Resolving eureka endpoints via configuration
20:10:30.650 [AsyncResolver-bootstrap-executor-0] INFO  c.n.d.s.r.aws.ConfigClusterResolver:45- Resolving eureka endpoints via configuration
20:15:30.652 [AsyncResolver-bootstrap-executor-0] INFO  c.n.d.s.r.aws.ConfigClusterResolver:45- Resolving eureka endpoints via configuration
20:20:30.653 [AsyncResolver-bootstrap-executor-0] INFO  c.n.d.s.r.aws.ConfigClusterResolver:45- Resolving eureka endpoints via configuration
20:50:30.908 [main] INFO  com.AbcApplication:593- No active profile set, falling back to default profiles: default
20:50:42.498 [main] WARN  c.n.c.sources.URLConfigurationSource:121- No URLs will be polled as dynamic configuration sources.
20:50:42.498 [main] INFO  c.n.c.sources.URLConfigurationSource:122- To enable URLs as dynamic configuration sources, define System property archaius.configurationSource.additionalUrls or make config.properties available on classpath.
20:50:42.545 [main] WARN  c.n.c.sources.URLConfigurationSource:121- No URLs will be polled as dynamic configuration sources.
20:50:42.545 [main] INFO  c.n.c.sources.URLConfigurationSource:122- To enable URLs as dynamic configuration sources, define System property archaius.configurationSource.additionalUrls or make config.properties available on classpath.
20:50:42.888 [main] INFO  c.netflix.discovery.DiscoveryClient:344- Initializing Eureka in region us-east-1
20:50:44.023 [main] INFO  c.n.d.p.DiscoveryJerseyProvider:70- Using JSON encoding codec LegacyJacksonJson
20:50:44.023 [main] INFO  c.n.d.p.DiscoveryJerseyProvider:71- Using JSON decoding codec LegacyJacksonJson
20:50:44.211 [main] INFO  c.n.d.p.DiscoveryJerseyProvider:80- Using XML encoding codec XStreamXml
20:50:44.211 [main] INFO  c.n.d.p.DiscoveryJerseyProvider:81- Using XML decoding codec XStreamXml
20:50:44.461 [main] INFO  c.n.d.s.r.aws.ConfigClusterResolver:45- Resolving eureka endpoints via configuration
20:50:44.812 [main] INFO  c.netflix.discovery.DiscoveryClient:920- Disable delta property : false
20:50:44.812 [main] INFO  c.netflix.discovery.DiscoveryClient:921- Single vip registry refresh property : null
20:50:44.812 [main] INFO  c.netflix.discovery.DiscoveryClient:922- Force full registry fetch : false
20:50:44.812 [main] INFO  c.netflix.discovery.DiscoveryClient:923- Application is null : false
20:50:44.812 [main] INFO  c.netflix.discovery.DiscoveryClient:924- Registered Applications size is zero : true
20:50:44.812 [main] INFO  c.netflix.discovery.DiscoveryClient:926- Application version is -1: true
20:50:44.812 [main] INFO  c.netflix.discovery.DiscoveryClient:1009- Getting all instance registry info from the eureka server
20:50:45.171 [main] INFO  c.netflix.discovery.DiscoveryClient:1018- The response status is 200
20:50:45.171 [main] INFO  c.netflix.discovery.DiscoveryClient:1244- Starting heartbeat executor: renew interval is: 30
20:50:45.171 [main] INFO  c.n.discovery.InstanceInfoReplicator:59- InstanceInfoReplicator onDemand update allowed rate per min is 4
20:50:45.171 [main] INFO  c.netflix.discovery.DiscoveryClient:425- Discovery Client initialized at timestamp 1552999845171 with initial instances count: 0
20:50:45.225 [main] INFO  c.netflix.discovery.DiscoveryClient:1279- Saw local status change event StatusChangeEvent [timestamp=1552999845225, current=UP, previous=STARTING]
20:50:45.227 [DiscoveryClient-InstanceInfoReplicator-0] INFO  c.netflix.discovery.DiscoveryClient:795- DiscoveryClient_ABC-SERVICES/localhost:abc-services:9403: registering service...
20:50:45.297 [main] INFO  com.AbcApplication:57- Started AbcApplication in 19.05 seconds (JVM running for 19.716)
20:50:45.344 [DiscoveryClient-InstanceInfoReplicator-0] INFO  c.netflix.discovery.DiscoveryClient:804- DiscoveryClient_ABC-SERVICES/localhost:abc-services:9403 - registration status: 204
20:51:15.180 [DiscoveryClient-CacheRefreshExecutor-0] INFO  c.netflix.discovery.DiscoveryClient:920- Disable delta property : false
20:51:15.180 [DiscoveryClient-CacheRefreshExecutor-0] INFO  c.netflix.discovery.DiscoveryClient:921- Single vip registry refresh property : null
20:51:15.180 [DiscoveryClient-CacheRefreshExecutor-0] INFO  c.netflix.discovery.DiscoveryClient:922- Force full registry fetch : false
20:51:15.180 [DiscoveryClient-CacheRefreshExecutor-0] INFO  c.netflix.discovery.DiscoveryClient:923- Application is null : false
20:51:15.180 [DiscoveryClient-CacheRefreshExecutor-0] INFO  c.netflix.discovery.DiscoveryClient:924- Registered Applications size is zero : true
20:51:15.180 [DiscoveryClient-CacheRefreshExecutor-0] INFO  c.netflix.discovery.DiscoveryClient:926- Application version is -1: false
20:51:15.180 [DiscoveryClient-CacheRefreshExecutor-0] INFO  c.netflix.discovery.DiscoveryClient:1009- Getting all instance registry info from the eureka server
20:51:15.212 [DiscoveryClient-CacheRefreshExecutor-0] INFO  c.netflix.discovery.DiscoveryClient:1018- The response status is 200
20:53:26.161 [http-nio-9403-exec-1] INFO  com.controller.TestController:27- TestController -> test -> @RequestBody got -> PersonInfoVO(name=蚂蚁牙黑, age=68, gender=男, borthDate=Mon May 12 08:00:00 CST 2008)
20:53:26.162 [http-nio-9403-exec-1] INFO  com.controller.TestController:28- TestController -> test -> @RequestHeader got -> dengshuai
20:55:26.730 [main] INFO  com.AbcApplication:593- No active profile set, falling back to default profiles: default
20:55:36.987 [main] WARN  c.n.c.sources.URLConfigurationSource:121- No URLs will be polled as dynamic configuration sources.
20:55:36.988 [main] INFO  c.n.c.sources.URLConfigurationSource:122- To enable URLs as dynamic configuration sources, define System property archaius.configurationSource.additionalUrls or make config.properties available on classpath.
20:55:36.996 [main] WARN  c.n.c.sources.URLConfigurationSource:121- No URLs will be polled as dynamic configuration sources.
20:55:36.997 [main] INFO  c.n.c.sources.URLConfigurationSource:122- To enable URLs as dynamic configuration sources, define System property archaius.configurationSource.additionalUrls or make config.properties available on classpath.
20:55:37.258 [main] INFO  c.netflix.discovery.DiscoveryClient:344- Initializing Eureka in region us-east-1
20:55:38.068 [main] INFO  c.n.d.p.DiscoveryJerseyProvider:70- Using JSON encoding codec LegacyJacksonJson
20:55:38.069 [main] INFO  c.n.d.p.DiscoveryJerseyProvider:71- Using JSON decoding codec LegacyJacksonJson
20:55:38.237 [main] INFO  c.n.d.p.DiscoveryJerseyProvider:80- Using XML encoding codec XStreamXml
20:55:38.238 [main] INFO  c.n.d.p.DiscoveryJerseyProvider:81- Using XML decoding codec XStreamXml
20:55:38.520 [main] INFO  c.n.d.s.r.aws.ConfigClusterResolver:45- Resolving eureka endpoints via configuration
20:55:38.938 [main] INFO  c.netflix.discovery.DiscoveryClient:920- Disable delta property : false
20:55:38.938 [main] INFO  c.netflix.discovery.DiscoveryClient:921- Single vip registry refresh property : null
20:55:38.939 [main] INFO  c.netflix.discovery.DiscoveryClient:922- Force full registry fetch : false
20:55:38.939 [main] INFO  c.netflix.discovery.DiscoveryClient:923- Application is null : false
20:55:38.939 [main] INFO  c.netflix.discovery.DiscoveryClient:924- Registered Applications size is zero : true
20:55:38.940 [main] INFO  c.netflix.discovery.DiscoveryClient:926- Application version is -1: true
20:55:38.941 [main] INFO  c.netflix.discovery.DiscoveryClient:1009- Getting all instance registry info from the eureka server
20:55:39.269 [main] INFO  c.netflix.discovery.DiscoveryClient:1018- The response status is 200
20:55:39.271 [main] INFO  c.netflix.discovery.DiscoveryClient:1244- Starting heartbeat executor: renew interval is: 30
20:55:39.273 [main] INFO  c.n.discovery.InstanceInfoReplicator:59- InstanceInfoReplicator onDemand update allowed rate per min is 4
20:55:39.275 [main] INFO  c.netflix.discovery.DiscoveryClient:425- Discovery Client initialized at timestamp 1553000139275 with initial instances count: 0
20:55:39.314 [main] INFO  c.netflix.discovery.DiscoveryClient:1279- Saw local status change event StatusChangeEvent [timestamp=1553000139314, current=UP, previous=STARTING]
20:55:39.316 [DiscoveryClient-InstanceInfoReplicator-0] INFO  c.netflix.discovery.DiscoveryClient:795- DiscoveryClient_ABC-SERVICES/localhost:abc-services:9403: registering service...
20:55:39.424 [main] INFO  com.AbcApplication:57- Started AbcApplication in 17.543 seconds (JVM running for 18.132)
20:55:39.472 [DiscoveryClient-InstanceInfoReplicator-0] INFO  c.netflix.discovery.DiscoveryClient:804- DiscoveryClient_ABC-SERVICES/localhost:abc-services:9403 - registration status: 204
20:56:09.273 [DiscoveryClient-CacheRefreshExecutor-0] INFO  c.netflix.discovery.DiscoveryClient:920- Disable delta property : false
20:56:09.274 [DiscoveryClient-CacheRefreshExecutor-0] INFO  c.netflix.discovery.DiscoveryClient:921- Single vip registry refresh property : null
20:56:09.275 [DiscoveryClient-CacheRefreshExecutor-0] INFO  c.netflix.discovery.DiscoveryClient:922- Force full registry fetch : false
20:56:09.275 [DiscoveryClient-CacheRefreshExecutor-0] INFO  c.netflix.discovery.DiscoveryClient:923- Application is null : false
20:56:09.275 [DiscoveryClient-CacheRefreshExecutor-0] INFO  c.netflix.discovery.DiscoveryClient:924- Registered Applications size is zero : true
20:56:09.275 [DiscoveryClient-CacheRefreshExecutor-0] INFO  c.netflix.discovery.DiscoveryClient:926- Application version is -1: false
20:56:09.276 [DiscoveryClient-CacheRefreshExecutor-0] INFO  c.netflix.discovery.DiscoveryClient:1009- Getting all instance registry info from the eureka server
20:56:09.333 [DiscoveryClient-CacheRefreshExecutor-0] INFO  c.netflix.discovery.DiscoveryClient:1018- The response status is 200
20:57:43.636 [http-nio-9403-exec-9] INFO  com.controller.TestController:27- TestController -> test -> @RequestBody got -> PersonInfoVO(name=蚂蚁牙黑, age=68, gender=男, borthDate=Mon May 12 08:00:00 CST 2008)
20:57:43.637 [http-nio-9403-exec-9] INFO  com.controller.TestController:28- TestController -> test -> @RequestHeader got -> dengshuai
20:57:45.470 [http-nio-9403-exec-8] INFO  com.controller.TestController:27- TestController -> test -> @RequestBody got -> PersonInfoVO(name=蚂蚁牙黑, age=68, gender=男, borthDate=Mon May 12 08:00:00 CST 2008)
20:57:45.471 [http-nio-9403-exec-8] INFO  com.controller.TestController:28- TestController -> test -> @RequestHeader got -> dengshuai
20:57:46.219 [http-nio-9403-exec-5] INFO  com.controller.TestController:27- TestController -> test -> @RequestBody got -> PersonInfoVO(name=蚂蚁牙黑, age=68, gender=男, borthDate=Mon May 12 08:00:00 CST 2008)
20:57:46.220 [http-nio-9403-exec-5] INFO  com.controller.TestController:28- TestController -> test -> @RequestHeader got -> dengshuai
20:57:46.861 [http-nio-9403-exec-1] INFO  com.controller.TestController:27- TestController -> test -> @RequestBody got -> PersonInfoVO(name=蚂蚁牙黑, age=68, gender=男, borthDate=Mon May 12 08:00:00 CST 2008)
20:57:46.862 [http-nio-9403-exec-1] INFO  com.controller.TestController:28- TestController -> test -> @RequestHeader got -> dengshuai
20:57:47.519 [http-nio-9403-exec-4] INFO  com.controller.TestController:27- TestController -> test -> @RequestBody got -> PersonInfoVO(name=蚂蚁牙黑, age=68, gender=男, borthDate=Mon May 12 08:00:00 CST 2008)
20:57:47.519 [http-nio-9403-exec-4] INFO  com.controller.TestController:28- TestController -> test -> @RequestHeader got -> dengshuai
20:58:28.163 [http-nio-9403-exec-10] INFO  com.controller.TestController:27- TestController -> test -> @RequestBody got -> PersonInfoVO(name=蚂蚁牙qwer黑, age=68, gender=男, borthDate=Mon May 12 08:00:00 CST 2008)
20:58:28.164 [http-nio-9403-exec-10] INFO  com.controller.TestController:28- TestController -> test -> @RequestHeader got -> dengshuai
20:58:48.834 [http-nio-9403-exec-6] INFO  com.controller.TestController:27- TestController -> test -> @RequestBody got -> PersonInfoVO(name=蚂蚁牙黑123, age=68, gender=男, borthDate=Mon May 12 08:00:00 CST 2008)
20:58:48.834 [http-nio-9403-exec-6] INFO  com.controller.TestController:28- TestController -> test -> @RequestHeader got -> dengshuai
21:00:32.441 [http-nio-9403-exec-3] INFO  com.controller.TestController:27- TestController -> test -> @RequestBody got -> PersonInfoVO(name=蚂蚁牙黑123, age=68, gender=男, borthDate=Mon May 12 08:00:00 CST 2008)
21:00:32.442 [http-nio-9403-exec-3] INFO  com.controller.TestController:28- TestController -> test -> @RequestHeader got -> dengshuai
21:00:38.945 [AsyncResolver-bootstrap-executor-0] INFO  c.n.d.s.r.aws.ConfigClusterResolver:45- Resolving eureka endpoints via configuration
21:02:14.399 [http-nio-9403-exec-9] INFO  com.controller.TestController:27- TestController -> test -> @RequestBody got -> PersonInfoVO(name=蚂蚁牙黑123, age=68, gender=男, borthDate=Mon May 12 08:00:00 CST 2008)
21:02:14.400 [http-nio-9403-exec-9] INFO  com.controller.TestController:28- TestController -> test -> @RequestHeader got -> dengshuai
21:02:53.587 [http-nio-9403-exec-8] INFO  com.controller.TestController:27- TestController -> test -> @RequestBody got -> PersonInfoVO(name=蚂蚁牙黑123453, age=68, gender=男, borthDate=Mon May 12 08:00:00 CST 2008)
21:02:53.587 [http-nio-9403-exec-8] INFO  com.controller.TestController:28- TestController -> test -> @RequestHeader got -> dengshuai
21:05:38.948 [AsyncResolver-bootstrap-executor-0] INFO  c.n.d.s.r.aws.ConfigClusterResolver:45- Resolving eureka endpoints via configuration
21:10:38.951 [AsyncResolver-bootstrap-executor-0] INFO  c.n.d.s.r.aws.ConfigClusterResolver:45- Resolving eureka endpoints via configuration
21:15:38.954 [AsyncResolver-bootstrap-executor-0] INFO  c.n.d.s.r.aws.ConfigClusterResolver:45- Resolving eureka endpoints via configuration
21:20:38.958 [AsyncResolver-bootstrap-executor-0] INFO  c.n.d.s.r.aws.ConfigClusterResolver:45- Resolving eureka endpoints via configuration
21:25:38.960 [AsyncResolver-bootstrap-executor-0] INFO  c.n.d.s.r.aws.ConfigClusterResolver:45- Resolving eureka endpoints via configuration
21:27:28.584 [http-nio-9403-exec-1] INFO  com.controller.TestController:27- TestController -> test -> @RequestBody got -> PersonInfoVO(name=蚂蚁牙黑123453, age=68, gender=男, borthDate=Mon May 12 08:00:00 CST 2008)
21:27:28.585 [http-nio-9403-exec-1] INFO  com.controller.TestController:28- TestController -> test -> @RequestHeader got -> dengshuai
21:28:40.571 [http-nio-9403-exec-4] INFO  com.controller.TestController:27- TestController -> test -> @RequestBody got -> PersonInfoVO(name=蚂蚁牙黑123453, age=68, gender=男, borthDate=Mon May 12 08:00:00 CST 2008)
21:28:40.571 [http-nio-9403-exec-4] INFO  com.controller.TestController:28- TestController -> test -> @RequestHeader got -> dengshuai
21:30:01.358 [http-nio-9403-exec-10] INFO  com.controller.TestController:27- TestController -> test -> @RequestBody got -> PersonInfoVO(name=蚂蚁牙黑123453, age=68, gender=男, borthDate=Mon May 12 08:00:00 CST 2008)
21:30:01.358 [http-nio-9403-exec-10] INFO  com.controller.TestController:28- TestController -> test -> @RequestHeader got -> dengshuai
21:30:38.975 [AsyncResolver-bootstrap-executor-0] INFO  c.n.d.s.r.aws.ConfigClusterResolver:45- Resolving eureka endpoints via configuration
21:35:38.993 [AsyncResolver-bootstrap-executor-0] INFO  c.n.d.s.r.aws.ConfigClusterResolver:45- Resolving eureka endpoints via configuration
21:38:08.382 [http-nio-9403-exec-6] INFO  com.controller.TestController:27- TestController -> test -> @RequestBody got -> PersonInfoVO(name=蚂蚁牙黑123453, age=68, gender=男, borthDate=Mon May 12 08:00:00 CST 2008)
21:38:08.383 [http-nio-9403-exec-6] INFO  com.controller.TestController:28- TestController -> test -> @RequestHeader got -> dengshuai
21:39:06.681 [http-nio-9403-exec-7] INFO  com.controller.TestController:27- TestController -> test -> @RequestBody got -> PersonInfoVO(name=蚂蚁牙黑123453, age=68, gender=男, borthDate=Mon May 12 08:00:00 CST 2008)
21:39:06.682 [http-nio-9403-exec-7] INFO  com.controller.TestController:28- TestController -> test -> @RequestHeader got -> dengshuai
21:39:07.686 [http-nio-9403-exec-3] INFO  com.controller.TestController:27- TestController -> test -> @RequestBody got -> PersonInfoVO(name=蚂蚁牙黑123453, age=68, gender=男, borthDate=Mon May 12 08:00:00 CST 2008)
21:39:07.687 [http-nio-9403-exec-3] INFO  com.controller.TestController:28- TestController -> test -> @RequestHeader got -> dengshuai
21:39:08.474 [http-nio-9403-exec-2] INFO  com.controller.TestController:27- TestController -> test -> @RequestBody got -> PersonInfoVO(name=蚂蚁牙黑123453, age=68, gender=男, borthDate=Mon May 12 08:00:00 CST 2008)
21:39:08.474 [http-nio-9403-exec-2] INFO  com.controller.TestController:28- TestController -> test -> @RequestHeader got -> dengshuai
21:39:09.206 [http-nio-9403-exec-9] INFO  com.controller.TestController:27- TestController -> test -> @RequestBody got -> PersonInfoVO(name=蚂蚁牙黑123453, age=68, gender=男, borthDate=Mon May 12 08:00:00 CST 2008)
21:39:09.207 [http-nio-9403-exec-9] INFO  com.controller.TestController:28- TestController -> test -> @RequestHeader got -> dengshuai
21:39:09.842 [http-nio-9403-exec-8] INFO  com.controller.TestController:27- TestController -> test -> @RequestBody got -> PersonInfoVO(name=蚂蚁牙黑123453, age=68, gender=男, borthDate=Mon May 12 08:00:00 CST 2008)
21:39:09.842 [http-nio-9403-exec-8] INFO  com.controller.TestController:28- TestController -> test -> @RequestHeader got -> dengshuai
21:39:10.526 [http-nio-9403-exec-5] INFO  com.controller.TestController:27- TestController -> test -> @RequestBody got -> PersonInfoVO(name=蚂蚁牙黑123453, age=68, gender=男, borthDate=Mon May 12 08:00:00 CST 2008)
21:39:10.526 [http-nio-9403-exec-5] INFO  com.controller.TestController:28- TestController -> test -> @RequestHeader got -> dengshuai
21:39:14.919 [http-nio-9403-exec-1] INFO  com.controller.TestController:27- TestController -> test -> @RequestBody got -> PersonInfoVO(name=蚂蚁牙黑123453, age=68, gender=男, borthDate=Mon May 12 08:00:00 CST 2008)
21:39:14.920 [http-nio-9403-exec-1] INFO  com.controller.TestController:28- TestController -> test -> @RequestHeader got -> dengshuai
21:39:15.620 [http-nio-9403-exec-4] INFO  com.controller.TestController:27- TestController -> test -> @RequestBody got -> PersonInfoVO(name=蚂蚁牙黑123453, age=68, gender=男, borthDate=Mon May 12 08:00:00 CST 2008)
21:39:15.621 [http-nio-9403-exec-4] INFO  com.controller.TestController:28- TestController -> test -> @RequestHeader got -> dengshuai
21:39:16.265 [http-nio-9403-exec-10] INFO  com.controller.TestController:27- TestController -> test -> @RequestBody got -> PersonInfoVO(name=蚂蚁牙黑123453, age=68, gender=男, borthDate=Mon May 12 08:00:00 CST 2008)
21:39:16.265 [http-nio-9403-exec-10] INFO  com.controller.TestController:28- TestController -> test -> @RequestHeader got -> dengshuai
21:39:16.915 [http-nio-9403-exec-6] INFO  com.controller.TestController:27- TestController -> test -> @RequestBody got -> PersonInfoVO(name=蚂蚁牙黑123453, age=68, gender=男, borthDate=Mon May 12 08:00:00 CST 2008)
21:39:16.916 [http-nio-9403-exec-6] INFO  com.controller.TestController:28- TestController -> test -> @RequestHeader got -> dengshuai
21:41:00.787 [main] INFO  com.AbcApplication:593- No active profile set, falling back to default profiles: default
21:41:07.437 [main] WARN  c.n.c.sources.URLConfigurationSource:121- No URLs will be polled as dynamic configuration sources.
21:41:07.438 [main] INFO  c.n.c.sources.URLConfigurationSource:122- To enable URLs as dynamic configuration sources, define System property archaius.configurationSource.additionalUrls or make config.properties available on classpath.
21:41:07.453 [main] WARN  c.n.c.sources.URLConfigurationSource:121- No URLs will be polled as dynamic configuration sources.
21:41:07.454 [main] INFO  c.n.c.sources.URLConfigurationSource:122- To enable URLs as dynamic configuration sources, define System property archaius.configurationSource.additionalUrls or make config.properties available on classpath.
21:41:07.779 [main] INFO  c.netflix.discovery.DiscoveryClient:344- Initializing Eureka in region us-east-1
21:41:08.597 [main] INFO  c.n.d.p.DiscoveryJerseyProvider:70- Using JSON encoding codec LegacyJacksonJson
21:41:08.597 [main] INFO  c.n.d.p.DiscoveryJerseyProvider:71- Using JSON decoding codec LegacyJacksonJson
21:41:08.751 [main] INFO  c.n.d.p.DiscoveryJerseyProvider:80- Using XML encoding codec XStreamXml
21:41:08.751 [main] INFO  c.n.d.p.DiscoveryJerseyProvider:81- Using XML decoding codec XStreamXml
21:41:09.050 [main] INFO  c.n.d.s.r.aws.ConfigClusterResolver:45- Resolving eureka endpoints via configuration
21:41:09.411 [main] INFO  c.netflix.discovery.DiscoveryClient:920- Disable delta property : false
21:41:09.412 [main] INFO  c.netflix.discovery.DiscoveryClient:921- Single vip registry refresh property : null
21:41:09.413 [main] INFO  c.netflix.discovery.DiscoveryClient:922- Force full registry fetch : false
21:41:09.413 [main] INFO  c.netflix.discovery.DiscoveryClient:923- Application is null : false
21:41:09.413 [main] INFO  c.netflix.discovery.DiscoveryClient:924- Registered Applications size is zero : true
21:41:09.414 [main] INFO  c.netflix.discovery.DiscoveryClient:926- Application version is -1: true
21:41:09.414 [main] INFO  c.netflix.discovery.DiscoveryClient:1009- Getting all instance registry info from the eureka server
21:41:09.668 [main] INFO  c.netflix.discovery.DiscoveryClient:1018- The response status is 200
21:41:09.671 [main] INFO  c.netflix.discovery.DiscoveryClient:1244- Starting heartbeat executor: renew interval is: 30
21:41:09.673 [main] INFO  c.n.discovery.InstanceInfoReplicator:59- InstanceInfoReplicator onDemand update allowed rate per min is 4
21:41:09.678 [main] INFO  c.netflix.discovery.DiscoveryClient:425- Discovery Client initialized at timestamp 1553002869678 with initial instances count: 2
21:41:09.715 [main] INFO  c.netflix.discovery.DiscoveryClient:1279- Saw local status change event StatusChangeEvent [timestamp=1553002869715, current=UP, previous=STARTING]
21:41:09.718 [DiscoveryClient-InstanceInfoReplicator-0] INFO  c.netflix.discovery.DiscoveryClient:795- DiscoveryClient_ABC-SERVICES/localhost:abc-services:9403: registering service...
21:41:09.818 [DiscoveryClient-InstanceInfoReplicator-0] INFO  c.netflix.discovery.DiscoveryClient:804- DiscoveryClient_ABC-SERVICES/localhost:abc-services:9403 - registration status: 204
21:41:09.881 [main] INFO  com.AbcApplication:57- Started AbcApplication in 13.458 seconds (JVM running for 14.257)
21:41:10.381 [http-nio-9403-exec-2] INFO  com.controller.TestController:27- TestController -> test -> @RequestBody got -> PersonInfoVO(name=蚂蚁牙黑123453, age=68, gender=男, borthDate=Mon May 12 08:00:00 CST 2008)
21:41:10.381 [http-nio-9403-exec-2] INFO  com.controller.TestController:28- TestController -> test -> @RequestHeader got -> dengshuai
21:41:12.123 [http-nio-9403-exec-3] INFO  com.controller.TestController:27- TestController -> test -> @RequestBody got -> PersonInfoVO(name=蚂蚁牙黑123453, age=68, gender=男, borthDate=Mon May 12 08:00:00 CST 2008)
21:41:12.125 [http-nio-9403-exec-3] INFO  com.controller.TestController:28- TestController -> test -> @RequestHeader got -> dengshuai
